                 :-) GROMACS - gmx mdrun, 2020.4-UNCHECKED (-:

                            GROMACS is written by:
     Emile Apol      Rossen Apostolov      Paul Bauer     Herman J.C. Berendsen
    Par Bjelkmar      Christian Blau   Viacheslav Bolnykh     Kevin Boyd    
 Aldert van Buuren   Rudi van Drunen     Anton Feenstra       Alan Gray     
  Gerrit Groenhof     Anca Hamuraru    Vincent Hindriksen  M. Eric Irrgang  
  Aleksei Iupinov   Christoph Junghans     Joe Jordan     Dimitrios Karkoulis
    Peter Kasson        Jiri Kraus      Carsten Kutzner      Per Larsson    
  Justin A. Lemkul    Viveca Lindahl    Magnus Lundborg     Erik Marklund   
    Pascal Merz     Pieter Meulenhoff    Teemu Murtola       Szilard Pall   
    Sander Pronk      Roland Schulz      Michael Shirts    Alexey Shvetsov  
   Alfons Sijbers     Peter Tieleman      Jon Vincent      Teemu Virolainen 
 Christian Wennberg    Maarten Wolf      Artem Zhmurov   
                           and the project leaders:
        Mark Abraham, Berk Hess, Erik Lindahl, and David van der Spoel

Copyright (c) 1991-2000, University of Groningen, The Netherlands.
Copyright (c) 2001-2019, The GROMACS development team at
Uppsala University, Stockholm University and
the Royal Institute of Technology, Sweden.
check out http://www.gromacs.org for more information.

GROMACS is free software; you can redistribute it and/or modify it
under the terms of the GNU Lesser General Public License
as published by the Free Software Foundation; either version 2.1
of the License, or (at your option) any later version.

GROMACS:      gmx mdrun, version 2020.4-UNCHECKED
Executable:   /home/bm/sw/gromacs_2020.4_MPI/bin/gmx_20.4
Data prefix:  /home/bm/sw/gromacs_2020.4_MPI
Working dir:  /home/bm/work/helix_protein
Process ID:   1706
Command line:
  gmx_20.4 mdrun -deffnm npt -v

GROMACS version:    2020.4-UNCHECKED
The source code this program was compiled from has not been verified because the reference checksum was missing during compilation. This means you have an incomplete GROMACS distribution, please make sure to download an intact source distribution and compile that before proceeding.
Computed checksum: NoChecksumFile
Precision:          single
Memory model:       64 bit
MPI library:        MPI
OpenMP support:     enabled (GMX_OPENMP_MAX_THREADS = 64)
GPU support:        disabled
SIMD instructions:  AVX2_256
FFT library:        fftw-3.3.8-sse2-avx-avx2-avx2_128
RDTSCP usage:       enabled
TNG support:        enabled
Hwloc support:      hwloc-2.1.0
Tracing support:    disabled
C compiler:         /usr/bin/cc GNU 9.3.0
C compiler flags:   -mavx2 -mfma -fexcess-precision=fast -funroll-all-loops -O3 -DNDEBUG
C++ compiler:       /usr/bin/c++ GNU 9.3.0
C++ compiler flags: -mavx2 -mfma -fexcess-precision=fast -funroll-all-loops -fopenmp -O3 -DNDEBUG


Running on 1 node with total 6 cores, 12 logical cores
Hardware detected on host BM (the node of MPI rank 0):
  CPU info:
    Vendor: AMD
    Brand:  AMD Ryzen 5 3600 6-Core Processor              
    Family: 23   Model: 113   Stepping: 0
    Features: aes amd apic avx avx2 clfsh cmov cx8 cx16 f16c fma htt lahf misalignsse mmx msr nonstop_tsc pclmuldq pdpe1gb popcnt pse rdtscp sha sse2 sse3 sse4a sse4.1 sse4.2 ssse3
  Hardware topology: Basic
    Sockets, cores, and logical processors:
      Socket  0: [   0   1] [   2   3] [   4   5] [   6   7] [   8   9] [  10  11]


++++ PLEASE READ AND CITE THE FOLLOWING REFERENCE ++++
M. J. Abraham, T. Murtola, R. Schulz, S. Páll, J. C. Smith, B. Hess, E.
Lindahl
GROMACS: High performance molecular simulations through multi-level
parallelism from laptops to supercomputers
SoftwareX 1 (2015) pp. 19-25
-------- -------- --- Thank You --- -------- --------


++++ PLEASE READ AND CITE THE FOLLOWING REFERENCE ++++
S. Páll, M. J. Abraham, C. Kutzner, B. Hess, E. Lindahl
Tackling Exascale Software Challenges in Molecular Dynamics Simulations with
GROMACS
In S. Markidis & E. Laure (Eds.), Solving Software Challenges for Exascale 8759 (2015) pp. 3-27
-------- -------- --- Thank You --- -------- --------


++++ PLEASE READ AND CITE THE FOLLOWING REFERENCE ++++
S. Pronk, S. Páll, R. Schulz, P. Larsson, P. Bjelkmar, R. Apostolov, M. R.
Shirts, J. C. Smith, P. M. Kasson, D. van der Spoel, B. Hess, and E. Lindahl
GROMACS 4.5: a high-throughput and highly parallel open source molecular
simulation toolkit
Bioinformatics 29 (2013) pp. 845-54
-------- -------- --- Thank You --- -------- --------


++++ PLEASE READ AND CITE THE FOLLOWING REFERENCE ++++
B. Hess and C. Kutzner and D. van der Spoel and E. Lindahl
GROMACS 4: Algorithms for highly efficient, load-balanced, and scalable
molecular simulation
J. Chem. Theory Comput. 4 (2008) pp. 435-447
-------- -------- --- Thank You --- -------- --------


++++ PLEASE READ AND CITE THE FOLLOWING REFERENCE ++++
D. van der Spoel, E. Lindahl, B. Hess, G. Groenhof, A. E. Mark and H. J. C.
Berendsen
GROMACS: Fast, Flexible and Free
J. Comp. Chem. 26 (2005) pp. 1701-1719
-------- -------- --- Thank You --- -------- --------


++++ PLEASE READ AND CITE THE FOLLOWING REFERENCE ++++
E. Lindahl and B. Hess and D. van der Spoel
GROMACS 3.0: A package for molecular simulation and trajectory analysis
J. Mol. Mod. 7 (2001) pp. 306-317
-------- -------- --- Thank You --- -------- --------


++++ PLEASE READ AND CITE THE FOLLOWING REFERENCE ++++
H. J. C. Berendsen, D. van der Spoel and R. van Drunen
GROMACS: A message-passing parallel molecular dynamics implementation
Comp. Phys. Comm. 91 (1995) pp. 43-56
-------- -------- --- Thank You --- -------- --------


++++ PLEASE CITE THE DOI FOR THIS VERSION OF GROMACS ++++
https://doi.org/10.5281/zenodo.4054979
-------- -------- --- Thank You --- -------- --------

Input Parameters:
   integrator                     = md
   tinit                          = 0
   dt                             = 0.002
   nsteps                         = 50000
   init-step                      = 0
   simulation-part                = 1
   comm-mode                      = Linear
   nstcomm                        = 100
   bd-fric                        = 0
   ld-seed                        = -1810578712
   emtol                          = 10
   emstep                         = 0.01
   niter                          = 20
   fcstep                         = 0
   nstcgsteep                     = 1000
   nbfgscorr                      = 10
   rtpi                           = 0.05
   nstxout                        = 500
   nstvout                        = 500
   nstfout                        = 0
   nstlog                         = 500
   nstcalcenergy                  = 100
   nstenergy                      = 500
   nstxout-compressed             = 0
   compressed-x-precision         = 1000
   cutoff-scheme                  = Verlet
   nstlist                        = 10
   pbc                            = xyz
   periodic-molecules             = false
   verlet-buffer-tolerance        = 0.005
   rlist                          = 1
   coulombtype                    = PME
   coulomb-modifier               = Potential-shift
   rcoulomb-switch                = 0
   rcoulomb                       = 1
   epsilon-r                      = 1
   epsilon-rf                     = inf
   vdw-type                       = Cut-off
   vdw-modifier                   = Potential-shift
   rvdw-switch                    = 0
   rvdw                           = 1
   DispCorr                       = EnerPres
   table-extension                = 1
   fourierspacing                 = 0.16
   fourier-nx                     = 16
   fourier-ny                     = 16
   fourier-nz                     = 16
   pme-order                      = 4
   ewald-rtol                     = 1e-05
   ewald-rtol-lj                  = 0.001
   lj-pme-comb-rule               = Geometric
   ewald-geometry                 = 0
   epsilon-surface                = 0
   tcoupl                         = V-rescale
   nsttcouple                     = 10
   nh-chain-length                = 0
   print-nose-hoover-chain-variables = false
   pcoupl                         = Parrinello-Rahman
   pcoupltype                     = Isotropic
   nstpcouple                     = 10
   tau-p                          = 2
   compressibility (3x3):
      compressibility[    0]={ 4.50000e-05,  0.00000e+00,  0.00000e+00}
      compressibility[    1]={ 0.00000e+00,  4.50000e-05,  0.00000e+00}
      compressibility[    2]={ 0.00000e+00,  0.00000e+00,  4.50000e-05}
   ref-p (3x3):
      ref-p[    0]={ 1.00000e+00,  0.00000e+00,  0.00000e+00}
      ref-p[    1]={ 0.00000e+00,  1.00000e+00,  0.00000e+00}
      ref-p[    2]={ 0.00000e+00,  0.00000e+00,  1.00000e+00}
   refcoord-scaling               = COM
   posres-com (3):
      posres-com[0]= 5.23152e-01
      posres-com[1]= 5.00300e-01
      posres-com[2]= 4.91110e-01
   posres-comB (3):
      posres-comB[0]= 5.23152e-01
      posres-comB[1]= 5.00300e-01
      posres-comB[2]= 4.91110e-01
   QMMM                           = false
   QMconstraints                  = 0
   QMMMscheme                     = 0
   MMChargeScaleFactor            = 1
qm-opts:
   ngQM                           = 0
   constraint-algorithm           = Lincs
   continuation                   = true
   Shake-SOR                      = false
   shake-tol                      = 0.0001
   lincs-order                    = 4
   lincs-iter                     = 1
   lincs-warnangle                = 30
   nwall                          = 0
   wall-type                      = 9-3
   wall-r-linpot                  = -1
   wall-atomtype[0]               = -1
   wall-atomtype[1]               = -1
   wall-density[0]                = 0
   wall-density[1]                = 0
   wall-ewald-zfac                = 3
   pull                           = false
   awh                            = false
   rotation                       = false
   interactiveMD                  = false
   disre                          = No
   disre-weighting                = Conservative
   disre-mixed                    = false
   dr-fc                          = 1000
   dr-tau                         = 0
   nstdisreout                    = 100
   orire-fc                       = 0
   orire-tau                      = 0
   nstorireout                    = 100
   free-energy                    = no
   cos-acceleration               = 0
   deform (3x3):
      deform[    0]={ 0.00000e+00,  0.00000e+00,  0.00000e+00}
      deform[    1]={ 0.00000e+00,  0.00000e+00,  0.00000e+00}
      deform[    2]={ 0.00000e+00,  0.00000e+00,  0.00000e+00}
   simulated-tempering            = false
   swapcoords                     = no
   userint1                       = 0
   userint2                       = 0
   userint3                       = 0
   userint4                       = 0
   userreal1                      = 0
   userreal2                      = 0
   userreal3                      = 0
   userreal4                      = 0
   applied-forces:
     electric-field:
       x:
         E0                       = 0
         omega                    = 0
         t0                       = 0
         sigma                    = 0
       y:
         E0                       = 0
         omega                    = 0
         t0                       = 0
         sigma                    = 0
       z:
         E0                       = 0
         omega                    = 0
         t0                       = 0
         sigma                    = 0
     density-guided-simulation:
       active                     = false
       group                      = protein
       similarity-measure         = inner-product
       atom-spreading-weight      = unity
       force-constant             = 1e+09
       gaussian-transform-spreading-width = 0.2
       gaussian-transform-spreading-range-in-multiples-of-width = 4
       reference-density-filename = reference.mrc
       nst                        = 1
       normalize-densities        = true
       adaptive-force-scaling     = false
       adaptive-force-scaling-time-constant = 4
grpopts:
   nrdf:      237.75     2610.25
   ref-t:         300         300
   tau-t:         0.1         0.1
annealing:          No          No
annealing-npoints:           0           0
   acc:	           0           0           0
   nfreeze:           N           N           N
   energygrp-flags[  0]: 0

Changing nstlist from 10 to 50, rlist from 1 to 1.107

Using 1 MPI process
Using 12 OpenMP threads 

Pinning threads with an auto-selected logical core stride of 1
System total charge: -0.000
Will do PME sum in reciprocal space for electrostatic interactions.

++++ PLEASE READ AND CITE THE FOLLOWING REFERENCE ++++
U. Essmann, L. Perera, M. L. Berkowitz, T. Darden, H. Lee and L. G. Pedersen 
A smooth particle mesh Ewald method
J. Chem. Phys. 103 (1995) pp. 8577-8592
-------- -------- --- Thank You --- -------- --------

Using a Gaussian width (1/beta) of 0.320163 nm for Ewald
Potential shift: LJ r^-12: -1.000e+00 r^-6: -1.000e+00, Ewald -1.000e-05
Initialized non-bonded Ewald tables, spacing: 9.33e-04 size: 1073

Generated table with 1053 data points for 1-4 COUL.
Tabscale = 500 points/nm
Generated table with 1053 data points for 1-4 LJ6.
Tabscale = 500 points/nm
Generated table with 1053 data points for 1-4 LJ12.
Tabscale = 500 points/nm

Using SIMD 4x8 nonbonded short-range kernels

Using a dual 4x8 pair-list setup updated with dynamic pruning:
  outer list: updated every 50 steps, buffer 0.107 nm, rlist 1.107 nm
  inner list: updated every 12 steps, buffer 0.001 nm, rlist 1.001 nm
At tolerance 0.005 kJ/mol/ps per atom, equivalent classical 1x1 list would be:
  outer list: updated every 50 steps, buffer 0.233 nm, rlist 1.233 nm
  inner list: updated every 12 steps, buffer 0.046 nm, rlist 1.046 nm

Using geometric Lennard-Jones combination rule

Long Range LJ corr.: <C6> 3.1344e-04


Initializing LINear Constraint Solver

++++ PLEASE READ AND CITE THE FOLLOWING REFERENCE ++++
B. Hess and H. Bekker and H. J. C. Berendsen and J. G. E. M. Fraaije
LINCS: A Linear Constraint Solver for molecular simulations
J. Comp. Chem. 18 (1997) pp. 1463-1472
-------- -------- --- Thank You --- -------- --------

The number of constraints is 41

++++ PLEASE READ AND CITE THE FOLLOWING REFERENCE ++++
S. Miyamoto and P. A. Kollman
SETTLE: An Analytical Version of the SHAKE and RATTLE Algorithms for Rigid
Water Models
J. Comp. Chem. 13 (1992) pp. 952-962
-------- -------- --- Thank You --- -------- --------


++++ PLEASE READ AND CITE THE FOLLOWING REFERENCE ++++
G. Bussi, D. Donadio and M. Parrinello
Canonical sampling through velocity rescaling
J. Chem. Phys. 126 (2007) pp. 014101
-------- -------- --- Thank You --- -------- --------

There are: 1399 Atoms
Center of mass motion removal mode is Linear
We have the following groups for center of mass motion removal:
  0:  rest

Started mdrun on rank 0 Sun Apr 11 14:53:22 2021

           Step           Time
              0        0.00000

   Energies (kJ/mol)
           Bond          Angle    Proper Dih. Ryckaert-Bell.          LJ-14
    7.46334e+01    1.85312e+02    1.19737e+01    6.18917e+01    1.17659e+02
     Coulomb-14        LJ (SR)  Disper. corr.   Coulomb (SR)   Coul. recip.
    7.72738e+02    2.60449e+03   -1.82581e+02   -2.38097e+04    1.54050e+02
 Position Rest.      Potential    Kinetic En.   Total Energy  Conserved En.
    5.58619e-03   -2.00095e+04    3.56820e+03   -1.64413e+04   -1.64405e+04
    Temperature Pres. DC (bar) Pressure (bar)   Constr. rmsd
    3.01374e+02   -2.15937e+02   -1.99360e+02    1.91836e-06

           Step           Time
            500        1.00000

   Energies (kJ/mol)
           Bond          Angle    Proper Dih. Ryckaert-Bell.          LJ-14
    7.87480e+01    2.03646e+02    1.38692e+01    6.52645e+01    9.73304e+01
     Coulomb-14        LJ (SR)  Disper. corr.   Coulomb (SR)   Coul. recip.
    7.63449e+02    2.54778e+03   -1.85277e+02   -2.37645e+04    1.30069e+02
 Position Rest.      Potential    Kinetic En.   Total Energy  Conserved En.
    3.69878e+01   -2.00126e+04    3.59389e+03   -1.64187e+04   -1.64466e+04
    Temperature Pres. DC (bar) Pressure (bar)   Constr. rmsd
    3.03543e+02   -2.22353e+02   -2.66990e+02    3.09547e-06

           Step           Time
           1000        2.00000

   Energies (kJ/mol)
           Bond          Angle    Proper Dih. Ryckaert-Bell.          LJ-14
    9.50462e+01    1.94670e+02    1.82869e+01    7.17339e+01    1.03160e+02
     Coulomb-14        LJ (SR)  Disper. corr.   Coulomb (SR)   Coul. recip.
    7.83714e+02    2.58698e+03   -1.87806e+02   -2.37611e+04    1.36615e+02
 Position Rest.      Potential    Kinetic En.   Total Energy  Conserved En.
    3.85644e+01   -1.99201e+04    3.48926e+03   -1.64309e+04   -1.64473e+04
    Temperature Pres. DC (bar) Pressure (bar)   Constr. rmsd
    2.94706e+02   -2.28458e+02   -3.83453e+02    3.39361e-06

           Step           Time
           1500        3.00000

   Energies (kJ/mol)
           Bond          Angle    Proper Dih. Ryckaert-Bell.          LJ-14
    7.88813e+01    1.71727e+02    1.73487e+01    8.92102e+01    1.05279e+02
     Coulomb-14        LJ (SR)  Disper. corr.   Coulomb (SR)   Coul. recip.
    7.78203e+02    2.68598e+03   -1.88568e+02   -2.40646e+04    1.34334e+02
 Position Rest.      Potential    Kinetic En.   Total Energy  Conserved En.
    2.73956e+01   -2.01648e+04    3.49649e+03   -1.66683e+04   -1.64479e+04
    Temperature Pres. DC (bar) Pressure (bar)   Constr. rmsd
    2.95317e+02   -2.30312e+02    1.04941e+03    4.58350e-06

           Step           Time
           2000        4.00000

   Energies (kJ/mol)
           Bond          Angle    Proper Dih. Ryckaert-Bell.          LJ-14
    7.98060e+01    1.69701e+02    1.37963e+01    5.66180e+01    1.13694e+02
     Coulomb-14        LJ (SR)  Disper. corr.   Coulomb (SR)   Coul. recip.
    7.59572e+02    2.62443e+03   -1.87303e+02   -2.39804e+04    1.49845e+02
 Position Rest.      Potential    Kinetic En.   Total Energy  Conserved En.
    4.12146e+01   -2.01590e+04    3.61490e+03   -1.65441e+04   -1.64473e+04
    Temperature Pres. DC (bar) Pressure (bar)   Constr. rmsd
    3.05318e+02   -2.27237e+02   -3.26507e+02    3.10860e-06

           Step           Time
           2500        5.00000

   Energies (kJ/mol)
           Bond          Angle    Proper Dih. Ryckaert-Bell.          LJ-14
    4.41058e+01    1.50161e+02    5.31850e+00    4.97774e+01    1.22122e+02
     Coulomb-14        LJ (SR)  Disper. corr.   Coulomb (SR)   Coul. recip.
    7.68326e+02    2.60210e+03   -1.80232e+02   -2.37340e+04    1.26351e+02
 Position Rest.      Potential    Kinetic En.   Total Energy  Conserved En.
    2.79060e+01   -2.00181e+04    3.39507e+03   -1.66230e+04   -1.64560e+04
    Temperature Pres. DC (bar) Pressure (bar)   Constr. rmsd
    2.86751e+02   -2.10423e+02    1.82618e+02    2.44271e-06

           Step           Time
           3000        6.00000

   Energies (kJ/mol)
           Bond          Angle    Proper Dih. Ryckaert-Bell.          LJ-14
    1.00017e+02    1.75994e+02    8.88099e+00    7.01232e+01    9.74563e+01
     Coulomb-14        LJ (SR)  Disper. corr.   Coulomb (SR)   Coul. recip.
    7.60297e+02    2.72488e+03   -1.88861e+02   -2.38877e+04    1.60353e+02
 Position Rest.      Potential    Kinetic En.   Total Energy  Conserved En.
    3.07518e+01   -1.99479e+04    3.65281e+03   -1.62950e+04   -1.64425e+04
    Temperature Pres. DC (bar) Pressure (bar)   Constr. rmsd
    3.08520e+02   -2.31029e+02    4.13136e+02    2.35717e-06

           Step           Time
           3500        7.00000

   Energies (kJ/mol)
           Bond          Angle    Proper Dih. Ryckaert-Bell.          LJ-14
    8.06909e+01    1.88098e+02    1.78903e+01    6.40652e+01    1.10678e+02
     Coulomb-14        LJ (SR)  Disper. corr.   Coulomb (SR)   Coul. recip.
    7.79638e+02    2.63532e+03   -1.83977e+02   -2.36870e+04    1.41389e+02
 Position Rest.      Potential    Kinetic En.   Total Energy  Conserved En.
    4.24596e+01   -1.98107e+04    3.45383e+03   -1.63569e+04   -1.64433e+04
    Temperature Pres. DC (bar) Pressure (bar)   Constr. rmsd
    2.91714e+02   -2.19246e+02    4.22852e+02    1.69438e-06

           Step           Time
           4000        8.00000

   Energies (kJ/mol)
           Bond          Angle    Proper Dih. Ryckaert-Bell.          LJ-14
    4.54681e+01    1.64744e+02    7.56998e+00    6.00198e+01    1.10347e+02
     Coulomb-14        LJ (SR)  Disper. corr.   Coulomb (SR)   Coul. recip.
    7.73598e+02    2.66918e+03   -1.84736e+02   -2.40480e+04    1.32742e+02
 Position Rest.      Potential    Kinetic En.   Total Energy  Conserved En.
    3.75388e+01   -2.02316e+04    3.52640e+03   -1.67052e+04   -1.64485e+04
    Temperature Pres. DC (bar) Pressure (bar)   Constr. rmsd
    2.97843e+02   -2.21059e+02    7.01156e+02    3.41210e-06

           Step           Time
           4500        9.00000

   Energies (kJ/mol)
           Bond          Angle    Proper Dih. Ryckaert-Bell.          LJ-14
    7.56154e+01    1.91148e+02    1.42658e+01    5.84620e+01    1.10935e+02
     Coulomb-14        LJ (SR)  Disper. corr.   Coulomb (SR)   Coul. recip.
    7.64730e+02    2.74368e+03   -1.82257e+02   -2.37343e+04    1.51263e+02
 Position Rest.      Potential    Kinetic En.   Total Energy  Conserved En.
    2.81769e+01   -1.97782e+04    3.45449e+03   -1.63237e+04   -1.64483e+04
    Temperature Pres. DC (bar) Pressure (bar)   Constr. rmsd
    2.91769e+02   -2.15173e+02    4.91636e+02    1.73219e-06

           Step           Time
           5000       10.00000

   Energies (kJ/mol)
           Bond          Angle    Proper Dih. Ryckaert-Bell.          LJ-14
    7.87665e+01    1.68196e+02    9.32083e+00    9.66115e+01    1.22045e+02
     Coulomb-14        LJ (SR)  Disper. corr.   Coulomb (SR)   Coul. recip.
    7.77057e+02    2.20553e+03   -1.81811e+02   -2.30527e+04    1.42787e+02
 Position Rest.      Potential    Kinetic En.   Total Energy  Conserved En.
    3.74724e+01   -1.95967e+04    3.56400e+03   -1.60327e+04   -1.64544e+04
    Temperature Pres. DC (bar) Pressure (bar)   Constr. rmsd
    3.01018e+02   -2.14121e+02   -7.59862e+02    3.53571e-06

           Step           Time
           5500       11.00000

   Energies (kJ/mol)
           Bond          Angle    Proper Dih. Ryckaert-Bell.          LJ-14
    8.87552e+01    2.25979e+02    1.75913e+01    6.73484e+01    1.04033e+02
     Coulomb-14        LJ (SR)  Disper. corr.   Coulomb (SR)   Coul. recip.
    7.95609e+02    2.30693e+03   -1.82529e+02   -2.32776e+04    1.40917e+02
 Position Rest.      Potential    Kinetic En.   Total Energy  Conserved En.
    2.74385e+01   -1.96855e+04    3.54583e+03   -1.61397e+04   -1.64571e+04
    Temperature Pres. DC (bar) Pressure (bar)   Constr. rmsd
    2.99484e+02   -2.15815e+02   -4.59358e+02    2.07659e-06

           Step           Time
           6000       12.00000

   Energies (kJ/mol)
           Bond          Angle    Proper Dih. Ryckaert-Bell.          LJ-14
    7.65982e+01    1.94326e+02    1.39568e+01    4.06630e+01    1.16727e+02
     Coulomb-14        LJ (SR)  Disper. corr.   Coulomb (SR)   Coul. recip.
    7.84004e+02    2.79998e+03   -1.87230e+02   -2.41111e+04    1.47456e+02
 Position Rest.      Potential    Kinetic En.   Total Energy  Conserved En.
    2.70113e+01   -2.00976e+04    3.41741e+03   -1.66802e+04   -1.64532e+04
    Temperature Pres. DC (bar) Pressure (bar)   Constr. rmsd
    2.88638e+02   -2.27061e+02    1.06140e+03    1.76160e-06

           Step           Time
           6500       13.00000

   Energies (kJ/mol)
           Bond          Angle    Proper Dih. Ryckaert-Bell.          LJ-14
    7.03447e+01    1.80217e+02    9.70101e+00    6.14581e+01    1.03907e+02
     Coulomb-14        LJ (SR)  Disper. corr.   Coulomb (SR)   Coul. recip.
    7.78394e+02    2.53369e+03   -1.82216e+02   -2.37741e+04    1.37333e+02
 Position Rest.      Potential    Kinetic En.   Total Energy  Conserved En.
    3.48453e+01   -2.00464e+04    3.66170e+03   -1.63847e+04   -1.64626e+04
    Temperature Pres. DC (bar) Pressure (bar)   Constr. rmsd
    3.09270e+02   -2.15076e+02   -1.92147e+01    2.19555e-06

           Step           Time
           7000       14.00000

   Energies (kJ/mol)
           Bond          Angle    Proper Dih. Ryckaert-Bell.          LJ-14
    8.20966e+01    2.02670e+02    7.72148e+00    6.70183e+01    9.24143e+01
     Coulomb-14        LJ (SR)  Disper. corr.   Coulomb (SR)   Coul. recip.
    7.44535e+02    2.59295e+03   -1.84549e+02   -2.37368e+04    1.40470e+02
 Position Rest.      Potential    Kinetic En.   Total Energy  Conserved En.
    2.75172e+01   -1.99639e+04    3.60222e+03   -1.63617e+04   -1.64628e+04
    Temperature Pres. DC (bar) Pressure (bar)   Constr. rmsd
    3.04247e+02   -2.20612e+02    5.55143e+02    3.63096e-06

           Step           Time
           7500       15.00000

   Energies (kJ/mol)
           Bond          Angle    Proper Dih. Ryckaert-Bell.          LJ-14
    9.99160e+01    1.50889e+02    1.97500e+01    8.68883e+01    1.09421e+02
     Coulomb-14        LJ (SR)  Disper. corr.   Coulomb (SR)   Coul. recip.
    7.83064e+02    2.37898e+03   -1.86070e+02   -2.33218e+04    1.22018e+02
 Position Rest.      Potential    Kinetic En.   Total Energy  Conserved En.
    3.48606e+01   -1.97221e+04    3.61616e+03   -1.61059e+04   -1.64705e+04
    Temperature Pres. DC (bar) Pressure (bar)   Constr. rmsd
    3.05424e+02   -2.24259e+02   -5.05185e+02    2.01167e-06

           Step           Time
           8000       16.00000

   Energies (kJ/mol)
           Bond          Angle    Proper Dih. Ryckaert-Bell.          LJ-14
    9.47120e+01    1.83306e+02    1.61272e+01    7.30933e+01    1.07818e+02
     Coulomb-14        LJ (SR)  Disper. corr.   Coulomb (SR)   Coul. recip.
    7.89957e+02    2.67270e+03   -1.82686e+02   -2.38617e+04    1.35929e+02
 Position Rest.      Potential    Kinetic En.   Total Energy  Conserved En.
    3.56552e+01   -1.99351e+04    3.58055e+03   -1.63545e+04   -1.64658e+04
    Temperature Pres. DC (bar) Pressure (bar)   Constr. rmsd
    3.02416e+02   -2.16185e+02   -2.71293e+02    3.68485e-06

           Step           Time
           8500       17.00000

   Energies (kJ/mol)
           Bond          Angle    Proper Dih. Ryckaert-Bell.          LJ-14
    8.08791e+01    1.70189e+02    8.04984e+00    6.84331e+01    1.07632e+02
     Coulomb-14        LJ (SR)  Disper. corr.   Coulomb (SR)   Coul. recip.
    7.47232e+02    2.73195e+03   -1.86201e+02   -2.40350e+04    1.27900e+02
 Position Rest.      Potential    Kinetic En.   Total Energy  Conserved En.
    2.94385e+01   -2.01495e+04    3.65983e+03   -1.64897e+04   -1.64668e+04
    Temperature Pres. DC (bar) Pressure (bar)   Constr. rmsd
    3.09113e+02   -2.24574e+02    3.03011e+02    3.20212e-06

           Step           Time
           9000       18.00000

   Energies (kJ/mol)
           Bond          Angle    Proper Dih. Ryckaert-Bell.          LJ-14
    1.19303e+02    1.64981e+02    1.11532e+01    4.90489e+01    1.00342e+02
     Coulomb-14        LJ (SR)  Disper. corr.   Coulomb (SR)   Coul. recip.
    7.52035e+02    2.47368e+03   -1.82939e+02   -2.34808e+04    1.38274e+02
 Position Rest.      Potential    Kinetic En.   Total Energy  Conserved En.
    4.25367e+01   -1.98124e+04    3.64781e+03   -1.61645e+04   -1.64669e+04
    Temperature Pres. DC (bar) Pressure (bar)   Constr. rmsd
    3.08098e+02   -2.16783e+02   -4.21821e+02    2.72175e-06

           Step           Time
           9500       19.00000

   Energies (kJ/mol)
           Bond          Angle    Proper Dih. Ryckaert-Bell.          LJ-14
    7.37020e+01    2.16904e+02    1.40280e+01    5.79274e+01    9.74538e+01
     Coulomb-14        LJ (SR)  Disper. corr.   Coulomb (SR)   Coul. recip.
    7.76096e+02    2.56926e+03   -1.88387e+02   -2.39023e+04    1.13600e+02
 Position Rest.      Potential    Kinetic En.   Total Energy  Conserved En.
    4.97442e+01   -2.01219e+04    3.67092e+03   -1.64510e+04   -1.64677e+04
    Temperature Pres. DC (bar) Pressure (bar)   Constr. rmsd
    3.10049e+02   -2.29871e+02   -5.84030e+02    3.25880e-06

           Step           Time
          10000       20.00000

   Energies (kJ/mol)
           Bond          Angle    Proper Dih. Ryckaert-Bell.          LJ-14
    5.27097e+01    1.88190e+02    2.36687e+01    6.06606e+01    1.32695e+02
     Coulomb-14        LJ (SR)  Disper. corr.   Coulomb (SR)   Coul. recip.
    7.87518e+02    2.61445e+03   -1.81988e+02   -2.37173e+04    1.23722e+02
 Position Rest.      Potential    Kinetic En.   Total Energy  Conserved En.
    4.47694e+01   -1.98709e+04    3.51603e+03   -1.63549e+04   -1.64669e+04
    Temperature Pres. DC (bar) Pressure (bar)   Constr. rmsd
    2.96967e+02   -2.14538e+02    3.80832e+02    2.41016e-06

           Step           Time
          10500       21.00000

   Energies (kJ/mol)
           Bond          Angle    Proper Dih. Ryckaert-Bell.          LJ-14
    6.39908e+01    1.71440e+02    1.46086e+01    6.17424e+01    1.07947e+02
     Coulomb-14        LJ (SR)  Disper. corr.   Coulomb (SR)   Coul. recip.
    7.60981e+02    2.58234e+03   -1.84956e+02   -2.39137e+04    1.29032e+02
 Position Rest.      Potential    Kinetic En.   Total Energy  Conserved En.
    3.77797e+01   -2.01688e+04    3.31511e+03   -1.68537e+04   -1.64693e+04
    Temperature Pres. DC (bar) Pressure (bar)   Constr. rmsd
    2.79998e+02   -2.21583e+02   -9.53221e+02    1.77168e-06

           Step           Time
          11000       22.00000

   Energies (kJ/mol)
           Bond          Angle    Proper Dih. Ryckaert-Bell.          LJ-14
    9.14881e+01    2.27936e+02    1.00483e+01    5.26796e+01    1.06871e+02
     Coulomb-14        LJ (SR)  Disper. corr.   Coulomb (SR)   Coul. recip.
    7.76272e+02    2.63149e+03   -1.85850e+02   -2.38822e+04    1.15651e+02
 Position Rest.      Potential    Kinetic En.   Total Energy  Conserved En.
    3.09543e+01   -2.00247e+04    3.49196e+03   -1.65327e+04   -1.64688e+04
    Temperature Pres. DC (bar) Pressure (bar)   Constr. rmsd
    2.94934e+02   -2.23728e+02    6.62890e+01    1.71739e-06

           Step           Time
          11500       23.00000

   Energies (kJ/mol)
           Bond          Angle    Proper Dih. Ryckaert-Bell.          LJ-14
    6.47418e+01    1.99476e+02    1.85635e+01    6.16129e+01    1.03233e+02
     Coulomb-14        LJ (SR)  Disper. corr.   Coulomb (SR)   Coul. recip.
    7.89911e+02    2.54075e+03   -1.82656e+02   -2.36573e+04    1.33712e+02
 Position Rest.      Potential    Kinetic En.   Total Energy  Conserved En.
    4.07213e+01   -1.98873e+04    3.46603e+03   -1.64212e+04   -1.64746e+04
    Temperature Pres. DC (bar) Pressure (bar)   Constr. rmsd
    2.92744e+02   -2.16115e+02   -8.63515e+02    2.58466e-06

           Step           Time
          12000       24.00000

   Energies (kJ/mol)
           Bond          Angle    Proper Dih. Ryckaert-Bell.          LJ-14
    5.36337e+01    1.62112e+02    1.18365e+01    6.97788e+01    1.24688e+02
     Coulomb-14        LJ (SR)  Disper. corr.   Coulomb (SR)   Coul. recip.
    7.74311e+02    2.64227e+03   -1.83332e+02   -2.38068e+04    1.28987e+02
 Position Rest.      Potential    Kinetic En.   Total Energy  Conserved En.
    4.01370e+01   -1.99824e+04    3.53405e+03   -1.64484e+04   -1.64817e+04
    Temperature Pres. DC (bar) Pressure (bar)   Constr. rmsd
    2.98489e+02   -2.17714e+02    1.69880e+02    2.70156e-06

           Step           Time
          12500       25.00000

   Energies (kJ/mol)
           Bond          Angle    Proper Dih. Ryckaert-Bell.          LJ-14
    5.82005e+01    1.87933e+02    1.38226e+01    6.63802e+01    1.17141e+02
     Coulomb-14        LJ (SR)  Disper. corr.   Coulomb (SR)   Coul. recip.
    7.59605e+02    2.60787e+03   -1.84816e+02   -2.37830e+04    1.30975e+02
 Position Rest.      Potential    Kinetic En.   Total Energy  Conserved En.
    4.52940e+01   -1.99806e+04    3.62649e+03   -1.63541e+04   -1.64861e+04
    Temperature Pres. DC (bar) Pressure (bar)   Constr. rmsd
    3.06297e+02   -2.21249e+02    8.57109e+02    1.16701e-06

           Step           Time
          13000       26.00000

   Energies (kJ/mol)
           Bond          Angle    Proper Dih. Ryckaert-Bell.          LJ-14
    8.66688e+01    2.03355e+02    7.67709e+00    6.29804e+01    1.19181e+02
     Coulomb-14        LJ (SR)  Disper. corr.   Coulomb (SR)   Coul. recip.
    7.69217e+02    2.72581e+03   -1.81437e+02   -2.35987e+04    1.47894e+02
 Position Rest.      Potential    Kinetic En.   Total Energy  Conserved En.
    3.22334e+01   -1.96251e+04    3.61594e+03   -1.60091e+04   -1.64913e+04
    Temperature Pres. DC (bar) Pressure (bar)   Constr. rmsd
    3.05405e+02   -2.13243e+02    5.38388e+02    5.76202e-06

           Step           Time
          13500       27.00000

   Energies (kJ/mol)
           Bond          Angle    Proper Dih. Ryckaert-Bell.          LJ-14
    6.58910e+01    2.35832e+02    1.01015e+01    5.22562e+01    1.03691e+02
     Coulomb-14        LJ (SR)  Disper. corr.   Coulomb (SR)   Coul. recip.
    7.74739e+02    2.91260e+03   -1.80130e+02   -2.40628e+04    1.52699e+02
 Position Rest.      Potential    Kinetic En.   Total Energy  Conserved En.
    2.21256e+01   -1.99130e+04    3.67378e+03   -1.62392e+04   -1.64890e+04
    Temperature Pres. DC (bar) Pressure (bar)   Constr. rmsd
    3.10290e+02   -2.10185e+02    9.36843e+01    3.32199e-06

           Step           Time
          14000       28.00000

   Energies (kJ/mol)
           Bond          Angle    Proper Dih. Ryckaert-Bell.          LJ-14
    6.66280e+01    1.74165e+02    8.66041e+00    6.79538e+01    1.31049e+02
     Coulomb-14        LJ (SR)  Disper. corr.   Coulomb (SR)   Coul. recip.
    7.74484e+02    2.53457e+03   -1.84316e+02   -2.37892e+04    1.36362e+02
 Position Rest.      Potential    Kinetic En.   Total Energy  Conserved En.
    3.99204e+01   -2.00397e+04    3.43783e+03   -1.66018e+04   -1.64910e+04
    Temperature Pres. DC (bar) Pressure (bar)   Constr. rmsd
    2.90362e+02   -2.20055e+02    1.35734e+02    1.36352e-06

           Step           Time
          14500       29.00000

   Energies (kJ/mol)
           Bond          Angle    Proper Dih. Ryckaert-Bell.          LJ-14
    6.49993e+01    2.28721e+02    1.14939e+01    5.05442e+01    1.15044e+02
     Coulomb-14        LJ (SR)  Disper. corr.   Coulomb (SR)   Coul. recip.
    7.89817e+02    2.40760e+03   -1.84694e+02   -2.36145e+04    1.37921e+02
 Position Rest.      Potential    Kinetic En.   Total Energy  Conserved En.
    4.38556e+01   -1.99492e+04    3.35525e+03   -1.65939e+04   -1.64883e+04
    Temperature Pres. DC (bar) Pressure (bar)   Constr. rmsd
    2.83387e+02   -2.20958e+02   -5.85272e+02    1.28220e-06

           Step           Time
          15000       30.00000

   Energies (kJ/mol)
           Bond          Angle    Proper Dih. Ryckaert-Bell.          LJ-14
    6.01621e+01    2.10154e+02    1.76440e+01    6.62123e+01    1.11836e+02
     Coulomb-14        LJ (SR)  Disper. corr.   Coulomb (SR)   Coul. recip.
    7.83598e+02    2.61801e+03   -1.79492e+02   -2.35462e+04    1.42886e+02
 Position Rest.      Potential    Kinetic En.   Total Energy  Conserved En.
    4.06153e+01   -1.96746e+04    3.54799e+03   -1.61266e+04   -1.64931e+04
    Temperature Pres. DC (bar) Pressure (bar)   Constr. rmsd
    2.99667e+02   -2.08701e+02    6.10080e+02    2.01936e-06

           Step           Time
          15500       31.00000

   Energies (kJ/mol)
           Bond          Angle    Proper Dih. Ryckaert-Bell.          LJ-14
    9.38276e+01    1.84263e+02    1.38902e+01    6.05488e+01    1.04692e+02
     Coulomb-14        LJ (SR)  Disper. corr.   Coulomb (SR)   Coul. recip.
    7.74623e+02    2.67885e+03   -1.86923e+02   -2.38040e+04    1.45546e+02
 Position Rest.      Potential    Kinetic En.   Total Energy  Conserved En.
    3.61566e+01   -1.98985e+04    3.35817e+03   -1.65403e+04   -1.64953e+04
    Temperature Pres. DC (bar) Pressure (bar)   Constr. rmsd
    2.83634e+02   -2.26316e+02    7.92054e+02    3.02107e-06

           Step           Time
          16000       32.00000

   Energies (kJ/mol)
           Bond          Angle    Proper Dih. Ryckaert-Bell.          LJ-14
    7.89663e+01    1.55281e+02    1.26649e+01    5.34825e+01    1.41298e+02
     Coulomb-14        LJ (SR)  Disper. corr.   Coulomb (SR)   Coul. recip.
    7.83535e+02    2.75781e+03   -1.89318e+02   -2.40575e+04    1.37613e+02
 Position Rest.      Potential    Kinetic En.   Total Energy  Conserved En.
    2.92029e+01   -2.00970e+04    3.55512e+03   -1.65419e+04   -1.65000e+04
    Temperature Pres. DC (bar) Pressure (bar)   Constr. rmsd
    3.00269e+02   -2.32147e+02    1.00504e+03    3.55001e-06

           Step           Time
          16500       33.00000

   Energies (kJ/mol)
           Bond          Angle    Proper Dih. Ryckaert-Bell.          LJ-14
    6.20681e+01    2.33822e+02    9.47485e+00    6.93250e+01    9.59642e+01
     Coulomb-14        LJ (SR)  Disper. corr.   Coulomb (SR)   Coul. recip.
    7.70167e+02    2.49067e+03   -1.88611e+02   -2.35607e+04    1.60384e+02
 Position Rest.      Potential    Kinetic En.   Total Energy  Conserved En.
    3.74923e+01   -1.98199e+04    3.67852e+03   -1.61414e+04   -1.65039e+04
    Temperature Pres. DC (bar) Pressure (bar)   Constr. rmsd
    3.10691e+02   -2.30417e+02    5.67485e+02    3.08714e-06

           Step           Time
          17000       34.00000

   Energies (kJ/mol)
           Bond          Angle    Proper Dih. Ryckaert-Bell.          LJ-14
    9.18564e+01    1.82839e+02    8.13904e+00    7.09279e+01    9.07381e+01
     Coulomb-14        LJ (SR)  Disper. corr.   Coulomb (SR)   Coul. recip.
    7.80957e+02    2.62567e+03   -1.86026e+02   -2.37783e+04    1.28708e+02
 Position Rest.      Potential    Kinetic En.   Total Energy  Conserved En.
    3.68197e+01   -1.99476e+04    3.40685e+03   -1.65408e+04   -1.65116e+04
    Temperature Pres. DC (bar) Pressure (bar)   Constr. rmsd
    2.87746e+02   -2.24151e+02    3.59375e+02    2.90801e-06

           Step           Time
          17500       35.00000

   Energies (kJ/mol)
           Bond          Angle    Proper Dih. Ryckaert-Bell.          LJ-14
    7.14283e+01    1.54821e+02    1.16539e+01    7.20172e+01    1.16818e+02
     Coulomb-14        LJ (SR)  Disper. corr.   Coulomb (SR)   Coul. recip.
    7.77921e+02    2.43070e+03   -1.79977e+02   -2.34374e+04    1.30925e+02
 Position Rest.      Potential    Kinetic En.   Total Energy  Conserved En.
    4.38767e+01   -1.98072e+04    3.39421e+03   -1.64130e+04   -1.65071e+04
    Temperature Pres. DC (bar) Pressure (bar)   Constr. rmsd
    2.86678e+02   -2.09827e+02   -7.50413e+02    1.73369e-06

           Step           Time
          18000       36.00000

   Energies (kJ/mol)
           Bond          Angle    Proper Dih. Ryckaert-Bell.          LJ-14
    8.26736e+01    1.88557e+02    1.70561e+01    7.84358e+01    1.16910e+02
     Coulomb-14        LJ (SR)  Disper. corr.   Coulomb (SR)   Coul. recip.
    7.65763e+02    2.71222e+03   -1.86144e+02   -2.37758e+04    1.64333e+02
 Position Rest.      Potential    Kinetic En.   Total Energy  Conserved En.
    4.15946e+01   -1.97944e+04    3.53318e+03   -1.62612e+04   -1.65043e+04
    Temperature Pres. DC (bar) Pressure (bar)   Constr. rmsd
    2.98415e+02   -2.24436e+02    9.49576e+02    2.29651e-06

           Step           Time
          18500       37.00000

   Energies (kJ/mol)
           Bond          Angle    Proper Dih. Ryckaert-Bell.          LJ-14
    1.16961e+02    2.08899e+02    1.05738e+01    7.99370e+01    9.71876e+01
     Coulomb-14        LJ (SR)  Disper. corr.   Coulomb (SR)   Coul. recip.
    7.58422e+02    2.45708e+03   -1.79938e+02   -2.33972e+04    1.43810e+02
 Position Rest.      Potential    Kinetic En.   Total Energy  Conserved En.
    4.10128e+01   -1.96633e+04    3.72701e+03   -1.59362e+04   -1.65096e+04
    Temperature Pres. DC (bar) Pressure (bar)   Constr. rmsd
    3.14787e+02   -2.09738e+02   -3.99438e+02    2.15652e-06

           Step           Time
          19000       38.00000

   Energies (kJ/mol)
           Bond          Angle    Proper Dih. Ryckaert-Bell.          LJ-14
    4.73716e+01    1.56186e+02    7.24988e+00    5.54002e+01    1.26385e+02
     Coulomb-14        LJ (SR)  Disper. corr.   Coulomb (SR)   Coul. recip.
    7.87197e+02    2.66778e+03   -1.84024e+02   -2.39369e+04    1.45207e+02
 Position Rest.      Potential    Kinetic En.   Total Energy  Conserved En.
    4.22375e+01   -2.00859e+04    3.46878e+03   -1.66171e+04   -1.65123e+04
    Temperature Pres. DC (bar) Pressure (bar)   Constr. rmsd
    2.92977e+02   -2.19358e+02    5.14875e+02    2.12723e-06

           Step           Time
          19500       39.00000

   Energies (kJ/mol)
           Bond          Angle    Proper Dih. Ryckaert-Bell.          LJ-14
    5.74884e+01    1.69403e+02    5.93025e+00    6.11188e+01    1.22522e+02
     Coulomb-14        LJ (SR)  Disper. corr.   Coulomb (SR)   Coul. recip.
    7.87397e+02    2.79017e+03   -1.87299e+02   -2.41291e+04    1.20177e+02
 Position Rest.      Potential    Kinetic En.   Total Energy  Conserved En.
    6.55621e+01   -2.01366e+04    3.48352e+03   -1.66531e+04   -1.65208e+04
    Temperature Pres. DC (bar) Pressure (bar)   Constr. rmsd
    2.94221e+02   -2.27227e+02    3.38510e+02    2.65119e-06

           Step           Time
          20000       40.00000

   Energies (kJ/mol)
           Bond          Angle    Proper Dih. Ryckaert-Bell.          LJ-14
    9.19721e+01    2.06611e+02    2.02401e+01    7.25729e+01    1.05185e+02
     Coulomb-14        LJ (SR)  Disper. corr.   Coulomb (SR)   Coul. recip.
    7.86978e+02    2.48136e+03   -1.82745e+02   -2.38317e+04    1.26468e+02
 Position Rest.      Potential    Kinetic En.   Total Energy  Conserved En.
    4.44545e+01   -2.00786e+04    3.65219e+03   -1.64264e+04   -1.65207e+04
    Temperature Pres. DC (bar) Pressure (bar)   Constr. rmsd
    3.08468e+02   -2.16324e+02   -1.10379e+03    2.18201e-06

           Step           Time
          20500       41.00000

   Energies (kJ/mol)
           Bond          Angle    Proper Dih. Ryckaert-Bell.          LJ-14
    5.59424e+01    1.93646e+02    2.39966e+01    6.42542e+01    1.12774e+02
     Coulomb-14        LJ (SR)  Disper. corr.   Coulomb (SR)   Coul. recip.
    7.61179e+02    2.60486e+03   -1.85194e+02   -2.38031e+04    1.20954e+02
 Position Rest.      Potential    Kinetic En.   Total Energy  Conserved En.
    3.28502e+01   -2.00178e+04    3.51726e+03   -1.65006e+04   -1.65180e+04
    Temperature Pres. DC (bar) Pressure (bar)   Constr. rmsd
    2.97071e+02   -2.22154e+02   -1.99803e+02    1.61016e-06

           Step           Time
          21000       42.00000

   Energies (kJ/mol)
           Bond          Angle    Proper Dih. Ryckaert-Bell.          LJ-14
    9.08298e+01    1.99983e+02    1.37171e+01    6.09894e+01    1.27569e+02
     Coulomb-14        LJ (SR)  Disper. corr.   Coulomb (SR)   Coul. recip.
    7.57265e+02    2.59816e+03   -1.85350e+02   -2.37125e+04    1.19077e+02
 Position Rest.      Potential    Kinetic En.   Total Energy  Conserved En.
    3.15344e+01   -1.98988e+04    3.69374e+03   -1.62050e+04   -1.65264e+04
    Temperature Pres. DC (bar) Pressure (bar)   Constr. rmsd
    3.11977e+02   -2.22529e+02    8.81550e+02    1.45347e-06

           Step           Time
          21500       43.00000

   Energies (kJ/mol)
           Bond          Angle    Proper Dih. Ryckaert-Bell.          LJ-14
    5.19201e+01    1.96553e+02    7.51387e+00    5.84062e+01    1.02494e+02
     Coulomb-14        LJ (SR)  Disper. corr.   Coulomb (SR)   Coul. recip.
    7.68787e+02    2.87513e+03   -1.83810e+02   -2.42420e+04    1.60301e+02
 Position Rest.      Potential    Kinetic En.   Total Energy  Conserved En.
    4.29201e+01   -2.01618e+04    3.49324e+03   -1.66685e+04   -1.65282e+04
    Temperature Pres. DC (bar) Pressure (bar)   Constr. rmsd
    2.95043e+02   -2.18849e+02    1.00323e+03    1.62169e-06

           Step           Time
          22000       44.00000

   Energies (kJ/mol)
           Bond          Angle    Proper Dih. Ryckaert-Bell.          LJ-14
    5.61967e+01    2.18484e+02    1.07224e+01    4.37438e+01    1.15242e+02
     Coulomb-14        LJ (SR)  Disper. corr.   Coulomb (SR)   Coul. recip.
    7.83518e+02    2.85670e+03   -1.86326e+02   -2.42769e+04    1.37377e+02
 Position Rest.      Potential    Kinetic En.   Total Energy  Conserved En.
    2.17864e+01   -2.02194e+04    3.57547e+03   -1.66440e+04   -1.65317e+04
    Temperature Pres. DC (bar) Pressure (bar)   Constr. rmsd
    3.01988e+02   -2.24876e+02    1.15319e+03    2.78390e-06

           Step           Time
          22500       45.00000

   Energies (kJ/mol)
           Bond          Angle    Proper Dih. Ryckaert-Bell.          LJ-14
    7.58742e+01    1.94960e+02    1.32982e+01    6.63452e+01    1.02556e+02
     Coulomb-14        LJ (SR)  Disper. corr.   Coulomb (SR)   Coul. recip.
    7.82562e+02    2.82267e+03   -1.82725e+02   -2.40056e+04    1.40001e+02
 Position Rest.      Potential    Kinetic En.   Total Energy  Conserved En.
    2.48515e+01   -1.99652e+04    3.43360e+03   -1.65316e+04   -1.65352e+04
    Temperature Pres. DC (bar) Pressure (bar)   Constr. rmsd
    2.90005e+02   -2.16277e+02    5.47110e+02    1.86620e-06

           Step           Time
          23000       46.00000

   Energies (kJ/mol)
           Bond          Angle    Proper Dih. Ryckaert-Bell.          LJ-14
    5.88293e+01    1.79674e+02    1.45310e+01    5.56421e+01    1.11116e+02
     Coulomb-14        LJ (SR)  Disper. corr.   Coulomb (SR)   Coul. recip.
    7.69871e+02    2.36084e+03   -1.82859e+02   -2.38107e+04    1.33083e+02
 Position Rest.      Potential    Kinetic En.   Total Energy  Conserved En.
    3.59901e+01   -2.02740e+04    3.37621e+03   -1.68978e+04   -1.65374e+04
    Temperature Pres. DC (bar) Pressure (bar)   Constr. rmsd
    2.85158e+02   -2.16594e+02   -1.17210e+03    3.65565e-06

           Step           Time
          23500       47.00000

   Energies (kJ/mol)
           Bond          Angle    Proper Dih. Ryckaert-Bell.          LJ-14
    7.82933e+01    2.07918e+02    1.70344e+01    7.32297e+01    9.42020e+01
     Coulomb-14        LJ (SR)  Disper. corr.   Coulomb (SR)   Coul. recip.
    7.73197e+02    2.28323e+03   -1.84159e+02   -2.33859e+04    1.48122e+02
 Position Rest.      Potential    Kinetic En.   Total Energy  Conserved En.
    3.84706e+01   -1.98564e+04    3.47004e+03   -1.63864e+04   -1.65348e+04
    Temperature Pres. DC (bar) Pressure (bar)   Constr. rmsd
    2.93082e+02   -2.19680e+02   -1.74058e+03    1.59828e-06

           Step           Time
          24000       48.00000

   Energies (kJ/mol)
           Bond          Angle    Proper Dih. Ryckaert-Bell.          LJ-14
    5.36471e+01    2.09387e+02    1.29683e+01    4.30028e+01    1.16674e+02
     Coulomb-14        LJ (SR)  Disper. corr.   Coulomb (SR)   Coul. recip.
    7.99608e+02    2.37576e+03   -1.86358e+02   -2.34566e+04    1.45107e+02
 Position Rest.      Potential    Kinetic En.   Total Energy  Conserved En.
    4.56005e+01   -1.98412e+04    3.57351e+03   -1.62677e+04   -1.65460e+04
    Temperature Pres. DC (bar) Pressure (bar)   Constr. rmsd
    3.01822e+02   -2.24952e+02   -2.88962e+02    1.67515e-06

           Step           Time
          24500       49.00000

   Energies (kJ/mol)
           Bond          Angle    Proper Dih. Ryckaert-Bell.          LJ-14
    7.31862e+01    1.90886e+02    1.05770e+01    8.05080e+01    1.23760e+02
     Coulomb-14        LJ (SR)  Disper. corr.   Coulomb (SR)   Coul. recip.
    7.76675e+02    2.56476e+03   -1.81385e+02   -2.33532e+04    1.38508e+02
 Position Rest.      Potential    Kinetic En.   Total Energy  Conserved En.
    3.64186e+01   -1.95393e+04    3.59517e+03   -1.59441e+04   -1.65429e+04
    Temperature Pres. DC (bar) Pressure (bar)   Constr. rmsd
    3.03651e+02   -2.13121e+02    3.25001e+02    1.10397e-06

           Step           Time
          25000       50.00000

   Energies (kJ/mol)
           Bond          Angle    Proper Dih. Ryckaert-Bell.          LJ-14
    6.08559e+01    1.87952e+02    1.73106e+01    8.86199e+01    1.17640e+02
     Coulomb-14        LJ (SR)  Disper. corr.   Coulomb (SR)   Coul. recip.
    7.81777e+02    2.64865e+03   -1.81883e+02   -2.37607e+04    1.51701e+02
 Position Rest.      Potential    Kinetic En.   Total Energy  Conserved En.
    3.70537e+01   -1.98510e+04    3.61348e+03   -1.62375e+04   -1.65495e+04
    Temperature Pres. DC (bar) Pressure (bar)   Constr. rmsd
    3.05198e+02   -2.14291e+02    2.27052e+02    1.95737e-06

           Step           Time
          25500       51.00000

   Energies (kJ/mol)
           Bond          Angle    Proper Dih. Ryckaert-Bell.          LJ-14
    8.22693e+01    1.57319e+02    1.22862e+01    6.51165e+01    1.04925e+02
     Coulomb-14        LJ (SR)  Disper. corr.   Coulomb (SR)   Coul. recip.
    7.58624e+02    2.78361e+03   -1.84602e+02   -2.39207e+04    1.33393e+02
 Position Rest.      Potential    Kinetic En.   Total Energy  Conserved En.
    2.79953e+01   -1.99798e+04    3.42996e+03   -1.65498e+04   -1.65475e+04
    Temperature Pres. DC (bar) Pressure (bar)   Constr. rmsd
    2.89698e+02   -2.20738e+02    6.18476e+02    1.77620e-06

           Step           Time
          26000       52.00000

   Energies (kJ/mol)
           Bond          Angle    Proper Dih. Ryckaert-Bell.          LJ-14
    8.96445e+01    1.63456e+02    1.68513e+01    5.09462e+01    1.07568e+02
     Coulomb-14        LJ (SR)  Disper. corr.   Coulomb (SR)   Coul. recip.
    7.65798e+02    2.62504e+03   -1.82925e+02   -2.39589e+04    1.44519e+02
 Position Rest.      Potential    Kinetic En.   Total Energy  Conserved En.
    4.58235e+01   -2.01322e+04    3.50881e+03   -1.66234e+04   -1.65509e+04
    Temperature Pres. DC (bar) Pressure (bar)   Constr. rmsd
    2.96357e+02   -2.16751e+02   -2.23576e+02    1.23329e-06

           Step           Time
          26500       53.00000

   Energies (kJ/mol)
           Bond          Angle    Proper Dih. Ryckaert-Bell.          LJ-14
    7.19802e+01    1.47436e+02    9.30708e+00    4.07343e+01    1.14661e+02
     Coulomb-14        LJ (SR)  Disper. corr.   Coulomb (SR)   Coul. recip.
    7.70534e+02    2.89642e+03   -1.87985e+02   -2.41724e+04    1.32605e+02
 Position Rest.      Potential    Kinetic En.   Total Energy  Conserved En.
    4.18098e+01   -2.01349e+04    3.29329e+03   -1.68416e+04   -1.65503e+04
    Temperature Pres. DC (bar) Pressure (bar)   Constr. rmsd
    2.78154e+02   -2.28892e+02    1.11581e+03    2.11038e-06

           Step           Time
          27000       54.00000

   Energies (kJ/mol)
           Bond          Angle    Proper Dih. Ryckaert-Bell.          LJ-14
    7.95882e+01    1.96845e+02    2.04556e+01    4.93749e+01    1.16733e+02
     Coulomb-14        LJ (SR)  Disper. corr.   Coulomb (SR)   Coul. recip.
    7.87167e+02    2.65638e+03   -1.86282e+02   -2.38705e+04    1.38980e+02
 Position Rest.      Potential    Kinetic En.   Total Energy  Conserved En.
    4.07126e+01   -1.99706e+04    3.61811e+03   -1.63525e+04   -1.65504e+04
    Temperature Pres. DC (bar) Pressure (bar)   Constr. rmsd
    3.05589e+02   -2.24769e+02    6.74004e+02    1.03129e-06

           Step           Time
          27500       55.00000

   Energies (kJ/mol)
           Bond          Angle    Proper Dih. Ryckaert-Bell.          LJ-14
    9.94844e+01    1.67211e+02    1.27486e+01    4.47366e+01    1.08207e+02
     Coulomb-14        LJ (SR)  Disper. corr.   Coulomb (SR)   Coul. recip.
    7.74096e+02    2.70596e+03   -1.87066e+02   -2.38169e+04    1.36648e+02
 Position Rest.      Potential    Kinetic En.   Total Energy  Conserved En.
    3.17134e+01   -1.99231e+04    3.56904e+03   -1.63541e+04   -1.65517e+04
    Temperature Pres. DC (bar) Pressure (bar)   Constr. rmsd
    3.01444e+02   -2.26662e+02    6.82596e+01    2.08475e-06

           Step           Time
          28000       56.00000

   Energies (kJ/mol)
           Bond          Angle    Proper Dih. Ryckaert-Bell.          LJ-14
    8.78094e+01    1.89552e+02    4.20909e+00    6.75043e+01    1.10224e+02
     Coulomb-14        LJ (SR)  Disper. corr.   Coulomb (SR)   Coul. recip.
    7.87046e+02    2.80240e+03   -1.91090e+02   -2.40658e+04    1.44759e+02
 Position Rest.      Potential    Kinetic En.   Total Energy  Conserved En.
    3.45047e+01   -2.00289e+04    3.46035e+03   -1.65685e+04   -1.65496e+04
    Temperature Pres. DC (bar) Pressure (bar)   Constr. rmsd
    2.92264e+02   -2.36507e+02    5.15075e+02    2.43140e-06

           Step           Time
          28500       57.00000

   Energies (kJ/mol)
           Bond          Angle    Proper Dih. Ryckaert-Bell.          LJ-14
    6.63978e+01    1.80168e+02    1.26015e+01    5.41628e+01    9.96937e+01
     Coulomb-14        LJ (SR)  Disper. corr.   Coulomb (SR)   Coul. recip.
    7.47632e+02    2.79027e+03   -1.87071e+02   -2.41703e+04    1.25066e+02
 Position Rest.      Potential    Kinetic En.   Total Energy  Conserved En.
    2.71233e+01   -2.02542e+04    3.39439e+03   -1.68598e+04   -1.65539e+04
    Temperature Pres. DC (bar) Pressure (bar)   Constr. rmsd
    2.86693e+02   -2.26674e+02    1.78394e+02    2.04950e-06

           Step           Time
          29000       58.00000

   Energies (kJ/mol)
           Bond          Angle    Proper Dih. Ryckaert-Bell.          LJ-14
    6.68268e+01    2.05929e+02    1.78445e+01    4.42468e+01    1.12378e+02
     Coulomb-14        LJ (SR)  Disper. corr.   Coulomb (SR)   Coul. recip.
    7.85460e+02    2.68315e+03   -1.79057e+02   -2.36207e+04    1.55971e+02
 Position Rest.      Potential    Kinetic En.   Total Energy  Conserved En.
    3.04102e+01   -1.96976e+04    3.42573e+03   -1.62718e+04   -1.65517e+04
    Temperature Pres. DC (bar) Pressure (bar)   Constr. rmsd
    2.89341e+02   -2.07690e+02    4.09744e+00    2.49115e-06

           Step           Time
          29500       59.00000

   Energies (kJ/mol)
           Bond          Angle    Proper Dih. Ryckaert-Bell.          LJ-14
    8.31934e+01    1.84996e+02    1.71294e+01    6.52049e+01    1.00947e+02
     Coulomb-14        LJ (SR)  Disper. corr.   Coulomb (SR)   Coul. recip.
    7.68035e+02    2.45603e+03   -1.90272e+02   -2.37378e+04    1.38840e+02
 Position Rest.      Potential    Kinetic En.   Total Energy  Conserved En.
    3.12688e+01   -2.00824e+04    3.32366e+03   -1.67588e+04   -1.65495e+04
    Temperature Pres. DC (bar) Pressure (bar)   Constr. rmsd
    2.80719e+02   -2.34488e+02   -7.22659e+01    1.24931e-06

           Step           Time
          30000       60.00000

   Energies (kJ/mol)
           Bond          Angle    Proper Dih. Ryckaert-Bell.          LJ-14
    6.84654e+01    1.59136e+02    1.14421e+01    7.84134e+01    1.04671e+02
     Coulomb-14        LJ (SR)  Disper. corr.   Coulomb (SR)   Coul. recip.
    7.73129e+02    2.51688e+03   -1.84653e+02   -2.37763e+04    1.25926e+02
 Position Rest.      Potential    Kinetic En.   Total Energy  Conserved En.
    2.22756e+01   -2.01006e+04    3.37700e+03   -1.67236e+04   -1.65516e+04
    Temperature Pres. DC (bar) Pressure (bar)   Constr. rmsd
    2.85224e+02   -2.20861e+02   -1.00075e+03    1.22451e-06

           Step           Time
          30500       61.00000

   Energies (kJ/mol)
           Bond          Angle    Proper Dih. Ryckaert-Bell.          LJ-14
    1.01580e+02    1.81191e+02    7.84871e+00    5.18786e+01    1.09013e+02
     Coulomb-14        LJ (SR)  Disper. corr.   Coulomb (SR)   Coul. recip.
    7.54165e+02    2.43765e+03   -1.85714e+02   -2.36511e+04    1.46175e+02
 Position Rest.      Potential    Kinetic En.   Total Energy  Conserved En.
    4.15337e+01   -2.00058e+04    3.75959e+03   -1.62462e+04   -1.65517e+04
    Temperature Pres. DC (bar) Pressure (bar)   Constr. rmsd
    3.17539e+02   -2.23403e+02   -5.24313e+02    2.10611e-06

           Step           Time
          31000       62.00000

   Energies (kJ/mol)
           Bond          Angle    Proper Dih. Ryckaert-Bell.          LJ-14
    7.77357e+01    1.80693e+02    1.81160e+01    6.98215e+01    1.07356e+02
     Coulomb-14        LJ (SR)  Disper. corr.   Coulomb (SR)   Coul. recip.
    7.77491e+02    2.67168e+03   -1.87199e+02   -2.37744e+04    1.31524e+02
 Position Rest.      Potential    Kinetic En.   Total Energy  Conserved En.
    3.29695e+01   -1.98942e+04    3.45562e+03   -1.64386e+04   -1.65577e+04
    Temperature Pres. DC (bar) Pressure (bar)   Constr. rmsd
    2.91865e+02   -2.26985e+02    4.26800e+02    3.11860e-06

           Step           Time
          31500       63.00000

   Energies (kJ/mol)
           Bond          Angle    Proper Dih. Ryckaert-Bell.          LJ-14
    9.83346e+01    1.77551e+02    2.55129e+01    7.71317e+01    1.14465e+02
     Coulomb-14        LJ (SR)  Disper. corr.   Coulomb (SR)   Coul. recip.
    7.71957e+02    2.53070e+03   -1.85882e+02   -2.37049e+04    1.30173e+02
 Position Rest.      Potential    Kinetic En.   Total Energy  Conserved En.
    3.33993e+01   -1.99316e+04    3.78513e+03   -1.61464e+04   -1.65589e+04
    Temperature Pres. DC (bar) Pressure (bar)   Constr. rmsd
    3.19695e+02   -2.23805e+02    3.70216e+01    2.45816e-06

           Step           Time
          32000       64.00000

   Energies (kJ/mol)
           Bond          Angle    Proper Dih. Ryckaert-Bell.          LJ-14
    7.77487e+01    1.85197e+02    1.03052e+01    6.65388e+01    1.13078e+02
     Coulomb-14        LJ (SR)  Disper. corr.   Coulomb (SR)   Coul. recip.
    7.90961e+02    2.42272e+03   -1.84604e+02   -2.37567e+04    1.41680e+02
 Position Rest.      Potential    Kinetic En.   Total Energy  Conserved En.
    3.72501e+01   -2.00959e+04    3.53020e+03   -1.65657e+04   -1.65605e+04
    Temperature Pres. DC (bar) Pressure (bar)   Constr. rmsd
    2.98164e+02   -2.20743e+02   -1.10509e+03    2.92675e-06

           Step           Time
          32500       65.00000

   Energies (kJ/mol)
           Bond          Angle    Proper Dih. Ryckaert-Bell.          LJ-14
    7.96772e+01    2.20429e+02    1.91373e+01    5.47115e+01    1.19495e+02
     Coulomb-14        LJ (SR)  Disper. corr.   Coulomb (SR)   Coul. recip.
    7.61105e+02    2.61295e+03   -1.83824e+02   -2.35003e+04    1.34171e+02
 Position Rest.      Potential    Kinetic En.   Total Energy  Conserved En.
    3.01117e+01   -1.96523e+04    3.52716e+03   -1.61251e+04   -1.65624e+04
    Temperature Pres. DC (bar) Pressure (bar)   Constr. rmsd
    2.97907e+02   -2.18884e+02    1.27259e+03    2.24698e-06

           Step           Time
          33000       66.00000

   Energies (kJ/mol)
           Bond          Angle    Proper Dih. Ryckaert-Bell.          LJ-14
    9.71957e+01    2.30250e+02    2.51890e+01    6.47597e+01    9.79109e+01
     Coulomb-14        LJ (SR)  Disper. corr.   Coulomb (SR)   Coul. recip.
    7.50104e+02    2.47156e+03   -1.84926e+02   -2.35051e+04    1.24369e+02
 Position Rest.      Potential    Kinetic En.   Total Energy  Conserved En.
    3.77303e+01   -1.97909e+04    3.66127e+03   -1.61297e+04   -1.65640e+04
    Temperature Pres. DC (bar) Pressure (bar)   Constr. rmsd
    3.09235e+02   -2.21512e+02   -9.39420e+02    2.11586e-06

           Step           Time
          33500       67.00000

   Energies (kJ/mol)
           Bond          Angle    Proper Dih. Ryckaert-Bell.          LJ-14
    5.49355e+01    1.96573e+02    1.08910e+01    6.41408e+01    1.00606e+02
     Coulomb-14        LJ (SR)  Disper. corr.   Coulomb (SR)   Coul. recip.
    7.67414e+02    2.46701e+03   -1.86375e+02   -2.38649e+04    1.33512e+02
 Position Rest.      Potential    Kinetic En.   Total Energy  Conserved En.
    3.70667e+01   -2.02191e+04    3.53008e+03   -1.66891e+04   -1.65699e+04
    Temperature Pres. DC (bar) Pressure (bar)   Constr. rmsd
    2.98154e+02   -2.24994e+02   -5.87698e+02    3.20114e-06

           Step           Time
          34000       68.00000

   Energies (kJ/mol)
           Bond          Angle    Proper Dih. Ryckaert-Bell.          LJ-14
    6.29655e+01    1.82099e+02    8.94233e+00    6.30890e+01    1.06889e+02
     Coulomb-14        LJ (SR)  Disper. corr.   Coulomb (SR)   Coul. recip.
    7.66428e+02    2.80559e+03   -1.87580e+02   -2.41549e+04    1.33810e+02
 Position Rest.      Potential    Kinetic En.   Total Energy  Conserved En.
    2.91813e+01   -2.01835e+04    3.48974e+03   -1.66937e+04   -1.65711e+04
    Temperature Pres. DC (bar) Pressure (bar)   Constr. rmsd
    2.94746e+02   -2.27909e+02    6.65708e+02    2.22173e-06

           Step           Time
          34500       69.00000

   Energies (kJ/mol)
           Bond          Angle    Proper Dih. Ryckaert-Bell.          LJ-14
    5.95055e+01    1.82541e+02    9.12403e+00    8.66197e+01    1.17098e+02
     Coulomb-14        LJ (SR)  Disper. corr.   Coulomb (SR)   Coul. recip.
    7.67278e+02    2.69909e+03   -1.82908e+02   -2.40038e+04    1.41036e+02
 Position Rest.      Potential    Kinetic En.   Total Energy  Conserved En.
    2.42799e+01   -2.01001e+04    3.33010e+03   -1.67700e+04   -1.65712e+04
    Temperature Pres. DC (bar) Pressure (bar)   Constr. rmsd
    2.81263e+02   -2.16711e+02   -1.02521e+02    1.99864e-06

           Step           Time
          35000       70.00000

   Energies (kJ/mol)
           Bond          Angle    Proper Dih. Ryckaert-Bell.          LJ-14
    5.89758e+01    1.86863e+02    9.93932e+00    6.74174e+01    1.26136e+02
     Coulomb-14        LJ (SR)  Disper. corr.   Coulomb (SR)   Coul. recip.
    7.93592e+02    2.63888e+03   -1.84487e+02   -2.38622e+04    1.49382e+02
 Position Rest.      Potential    Kinetic En.   Total Energy  Conserved En.
    4.06473e+01   -1.99749e+04    3.53160e+03   -1.64433e+04   -1.65793e+04
    Temperature Pres. DC (bar) Pressure (bar)   Constr. rmsd
    2.98282e+02   -2.20464e+02    1.01317e+03    2.83099e-06

           Step           Time
          35500       71.00000

   Energies (kJ/mol)
           Bond          Angle    Proper Dih. Ryckaert-Bell.          LJ-14
    8.92508e+01    2.54339e+02    2.19236e+01    7.78942e+01    1.13919e+02
     Coulomb-14        LJ (SR)  Disper. corr.   Coulomb (SR)   Coul. recip.
    7.59191e+02    2.58269e+03   -1.84758e+02   -2.36748e+04    1.39290e+02
 Position Rest.      Potential    Kinetic En.   Total Energy  Conserved En.
    4.07137e+01   -1.97803e+04    3.84325e+03   -1.59371e+04   -1.65821e+04
    Temperature Pres. DC (bar) Pressure (bar)   Constr. rmsd
    3.24604e+02   -2.21111e+02   -1.58479e+02    2.71919e-06

           Step           Time
          36000       72.00000

   Energies (kJ/mol)
           Bond          Angle    Proper Dih. Ryckaert-Bell.          LJ-14
    5.25513e+01    1.97773e+02    1.11326e+01    4.80202e+01    1.12969e+02
     Coulomb-14        LJ (SR)  Disper. corr.   Coulomb (SR)   Coul. recip.
    7.85444e+02    2.61701e+03   -1.81233e+02   -2.38185e+04    1.53318e+02
 Position Rest.      Potential    Kinetic En.   Total Energy  Conserved En.
    4.33825e+01   -1.99781e+04    3.55225e+03   -1.64259e+04   -1.65903e+04
    Temperature Pres. DC (bar) Pressure (bar)   Constr. rmsd
    3.00027e+02   -2.12763e+02   -5.49605e+01    1.65179e-06

           Step           Time
          36500       73.00000

   Energies (kJ/mol)
           Bond          Angle    Proper Dih. Ryckaert-Bell.          LJ-14
    6.43894e+01    1.74645e+02    7.74635e+00    5.07420e+01    1.23524e+02
     Coulomb-14        LJ (SR)  Disper. corr.   Coulomb (SR)   Coul. recip.
    7.79258e+02    2.79673e+03   -1.81193e+02   -2.39637e+04    1.57801e+02
 Position Rest.      Potential    Kinetic En.   Total Energy  Conserved En.
    5.91881e+01   -1.99309e+04    3.46166e+03   -1.64692e+04   -1.65931e+04
    Temperature Pres. DC (bar) Pressure (bar)   Constr. rmsd
    2.92375e+02   -2.12669e+02    3.73979e+02    2.04213e-06

           Step           Time
          37000       74.00000

   Energies (kJ/mol)
           Bond          Angle    Proper Dih. Ryckaert-Bell.          LJ-14
    7.43696e+01    1.60002e+02    1.25713e+01    6.66406e+01    1.13654e+02
     Coulomb-14        LJ (SR)  Disper. corr.   Coulomb (SR)   Coul. recip.
    7.84674e+02    2.46575e+03   -1.84913e+02   -2.36632e+04    1.31489e+02
 Position Rest.      Potential    Kinetic En.   Total Energy  Conserved En.
    3.89155e+01   -2.00000e+04    3.58036e+03   -1.64197e+04   -1.66028e+04
    Temperature Pres. DC (bar) Pressure (bar)   Constr. rmsd
    3.02401e+02   -2.21481e+02   -5.60552e+02    3.29072e-06

           Step           Time
          37500       75.00000

   Energies (kJ/mol)
           Bond          Angle    Proper Dih. Ryckaert-Bell.          LJ-14
    8.17555e+01    1.55957e+02    1.07830e+01    7.71638e+01    1.10946e+02
     Coulomb-14        LJ (SR)  Disper. corr.   Coulomb (SR)   Coul. recip.
    7.80967e+02    2.81078e+03   -1.87262e+02   -2.40920e+04    1.41573e+02
 Position Rest.      Potential    Kinetic En.   Total Energy  Conserved En.
    2.28314e+01   -2.00865e+04    3.40018e+03   -1.66863e+04   -1.66101e+04
    Temperature Pres. DC (bar) Pressure (bar)   Constr. rmsd
    2.87182e+02   -2.27137e+02    7.37314e+02    1.11530e-06

           Step           Time
          38000       76.00000

   Energies (kJ/mol)
           Bond          Angle    Proper Dih. Ryckaert-Bell.          LJ-14
    8.67091e+01    1.88914e+02    8.14450e+00    6.13909e+01    1.23266e+02
     Coulomb-14        LJ (SR)  Disper. corr.   Coulomb (SR)   Coul. recip.
    7.77068e+02    2.66734e+03   -1.82859e+02   -2.37207e+04    1.61186e+02
 Position Rest.      Potential    Kinetic En.   Total Energy  Conserved En.
    2.76327e+01   -1.98019e+04    3.48427e+03   -1.63176e+04   -1.66138e+04
    Temperature Pres. DC (bar) Pressure (bar)   Constr. rmsd
    2.94285e+02   -2.16595e+02    8.38073e+02    1.62222e-06

           Step           Time
          38500       77.00000

   Energies (kJ/mol)
           Bond          Angle    Proper Dih. Ryckaert-Bell.          LJ-14
    8.53448e+01    1.48469e+02    2.41966e+01    6.80554e+01    1.07209e+02
     Coulomb-14        LJ (SR)  Disper. corr.   Coulomb (SR)   Coul. recip.
    7.83742e+02    2.61922e+03   -1.81271e+02   -2.37002e+04    1.53876e+02
 Position Rest.      Potential    Kinetic En.   Total Energy  Conserved En.
    3.71143e+01   -1.98543e+04    3.42978e+03   -1.64245e+04   -1.66150e+04
    Temperature Pres. DC (bar) Pressure (bar)   Constr. rmsd
    2.89683e+02   -2.12854e+02   -1.63047e+01    2.71059e-06

           Step           Time
          39000       78.00000

   Energies (kJ/mol)
           Bond          Angle    Proper Dih. Ryckaert-Bell.          LJ-14
    6.96625e+01    1.89787e+02    1.08861e+01    6.86062e+01    1.01261e+02
     Coulomb-14        LJ (SR)  Disper. corr.   Coulomb (SR)   Coul. recip.
    7.58646e+02    2.62887e+03   -1.82296e+02   -2.38001e+04    1.52588e+02
 Position Rest.      Potential    Kinetic En.   Total Energy  Conserved En.
    5.92589e+01   -1.99429e+04    3.43294e+03   -1.65099e+04   -1.66121e+04
    Temperature Pres. DC (bar) Pressure (bar)   Constr. rmsd
    2.89949e+02   -2.15263e+02   -7.49075e+02    3.12823e-06

           Step           Time
          39500       79.00000

   Energies (kJ/mol)
           Bond          Angle    Proper Dih. Ryckaert-Bell.          LJ-14
    5.23540e+01    1.59401e+02    1.66861e+01    6.97736e+01    9.70352e+01
     Coulomb-14        LJ (SR)  Disper. corr.   Coulomb (SR)   Coul. recip.
    7.58710e+02    2.54453e+03   -1.84488e+02   -2.39850e+04    1.38522e+02
 Position Rest.      Potential    Kinetic En.   Total Energy  Conserved En.
    3.01643e+01   -2.03023e+04    3.40030e+03   -1.69020e+04   -1.66175e+04
    Temperature Pres. DC (bar) Pressure (bar)   Constr. rmsd
    2.87193e+02   -2.20466e+02   -6.76797e+02    1.51171e-06

           Step           Time
          40000       80.00000

   Energies (kJ/mol)
           Bond          Angle    Proper Dih. Ryckaert-Bell.          LJ-14
    9.33909e+01    1.93400e+02    1.31701e+01    7.04084e+01    1.18689e+02
     Coulomb-14        LJ (SR)  Disper. corr.   Coulomb (SR)   Coul. recip.
    7.84843e+02    2.93278e+03   -1.87244e+02   -2.41367e+04    1.26645e+02
 Position Rest.      Potential    Kinetic En.   Total Energy  Conserved En.
    2.97430e+01   -1.99608e+04    3.57453e+03   -1.63863e+04   -1.66155e+04
    Temperature Pres. DC (bar) Pressure (bar)   Constr. rmsd
    3.01908e+02   -2.27095e+02    1.55994e+03    4.48277e-06

           Step           Time
          40500       81.00000

   Energies (kJ/mol)
           Bond          Angle    Proper Dih. Ryckaert-Bell.          LJ-14
    8.83444e+01    1.53780e+02    8.66432e+00    9.37974e+01    1.09841e+02
     Coulomb-14        LJ (SR)  Disper. corr.   Coulomb (SR)   Coul. recip.
    7.52601e+02    2.38192e+03   -1.84254e+02   -2.35537e+04    1.36506e+02
 Position Rest.      Potential    Kinetic En.   Total Energy  Conserved En.
    3.89506e+01   -1.99736e+04    3.59707e+03   -1.63765e+04   -1.66201e+04
    Temperature Pres. DC (bar) Pressure (bar)   Constr. rmsd
    3.03812e+02   -2.19908e+02   -1.09514e+03    1.28622e-06

           Step           Time
          41000       82.00000

   Energies (kJ/mol)
           Bond          Angle    Proper Dih. Ryckaert-Bell.          LJ-14
    8.60190e+01    1.81468e+02    1.56838e+01    6.53017e+01    9.18523e+01
     Coulomb-14        LJ (SR)  Disper. corr.   Coulomb (SR)   Coul. recip.
    7.73132e+02    2.63676e+03   -1.81668e+02   -2.39767e+04    1.46508e+02
 Position Rest.      Potential    Kinetic En.   Total Energy  Conserved En.
    3.52843e+01   -2.01263e+04    3.25225e+03   -1.68741e+04   -1.66126e+04
    Temperature Pres. DC (bar) Pressure (bar)   Constr. rmsd
    2.74688e+02   -2.13784e+02   -9.59723e+02    2.56442e-06

           Step           Time
          41500       83.00000

   Energies (kJ/mol)
           Bond          Angle    Proper Dih. Ryckaert-Bell.          LJ-14
    6.95656e+01    2.51125e+02    1.35873e+01    6.39165e+01    1.10740e+02
     Coulomb-14        LJ (SR)  Disper. corr.   Coulomb (SR)   Coul. recip.
    7.91641e+02    2.70495e+03   -1.87157e+02   -2.37520e+04    1.31801e+02
 Position Rest.      Potential    Kinetic En.   Total Energy  Conserved En.
    4.31381e+01   -1.97587e+04    3.50425e+03   -1.62544e+04   -1.66124e+04
    Temperature Pres. DC (bar) Pressure (bar)   Constr. rmsd
    2.95972e+02   -2.26883e+02    7.14137e+02    2.85217e-06

           Step           Time
          42000       84.00000

   Energies (kJ/mol)
           Bond          Angle    Proper Dih. Ryckaert-Bell.          LJ-14
    9.38117e+01    1.99441e+02    6.38452e+00    4.67001e+01    1.01142e+02
     Coulomb-14        LJ (SR)  Disper. corr.   Coulomb (SR)   Coul. recip.
    7.60877e+02    2.62381e+03   -1.82532e+02   -2.36234e+04    1.46639e+02
 Position Rest.      Potential    Kinetic En.   Total Energy  Conserved En.
    3.43426e+01   -1.97928e+04    3.62904e+03   -1.61637e+04   -1.66167e+04
    Temperature Pres. DC (bar) Pressure (bar)   Constr. rmsd
    3.06512e+02   -2.15822e+02   -9.43233e+01    2.94543e-06

           Step           Time
          42500       85.00000

   Energies (kJ/mol)
           Bond          Angle    Proper Dih. Ryckaert-Bell.          LJ-14
    8.56405e+01    2.18795e+02    2.27909e+01    7.18588e+01    9.24809e+01
     Coulomb-14        LJ (SR)  Disper. corr.   Coulomb (SR)   Coul. recip.
    7.48644e+02    2.40410e+03   -1.80945e+02   -2.34894e+04    1.47811e+02
 Position Rest.      Potential    Kinetic En.   Total Energy  Conserved En.
    4.25914e+01   -1.98357e+04    3.40897e+03   -1.64267e+04   -1.66172e+04
    Temperature Pres. DC (bar) Pressure (bar)   Constr. rmsd
    2.87925e+02   -2.12088e+02   -1.15767e+03    1.21983e-06

           Step           Time
          43000       86.00000

   Energies (kJ/mol)
           Bond          Angle    Proper Dih. Ryckaert-Bell.          LJ-14
    7.90801e+01    1.66444e+02    9.03030e+00    4.73191e+01    1.02985e+02
     Coulomb-14        LJ (SR)  Disper. corr.   Coulomb (SR)   Coul. recip.
    7.58936e+02    2.62731e+03   -1.81328e+02   -2.36048e+04    1.26346e+02
 Position Rest.      Potential    Kinetic En.   Total Energy  Conserved En.
    4.13461e+01   -1.98273e+04    3.42515e+03   -1.64021e+04   -1.66233e+04
    Temperature Pres. DC (bar) Pressure (bar)   Constr. rmsd
    2.89292e+02   -2.12988e+02   -7.03285e+02    1.75545e-06

           Step           Time
          43500       87.00000

   Energies (kJ/mol)
           Bond          Angle    Proper Dih. Ryckaert-Bell.          LJ-14
    7.06749e+01    1.77019e+02    3.74627e+00    5.27506e+01    9.55725e+01
     Coulomb-14        LJ (SR)  Disper. corr.   Coulomb (SR)   Coul. recip.
    7.64513e+02    2.91689e+03   -1.88217e+02   -2.41403e+04    1.33922e+02
 Position Rest.      Potential    Kinetic En.   Total Energy  Conserved En.
    4.51058e+01   -2.00683e+04    3.50643e+03   -1.65618e+04   -1.66231e+04
    Temperature Pres. DC (bar) Pressure (bar)   Constr. rmsd
    2.96157e+02   -2.29457e+02    5.93781e+02    1.64363e-06

           Step           Time
          44000       88.00000

   Energies (kJ/mol)
           Bond          Angle    Proper Dih. Ryckaert-Bell.          LJ-14
    6.95176e+01    1.63943e+02    2.11167e+01    6.77695e+01    1.03098e+02
     Coulomb-14        LJ (SR)  Disper. corr.   Coulomb (SR)   Coul. recip.
    7.62830e+02    2.49315e+03   -1.87389e+02   -2.35686e+04    1.27839e+02
 Position Rest.      Potential    Kinetic En.   Total Energy  Conserved En.
    5.91341e+01   -1.98876e+04    3.82679e+03   -1.60608e+04   -1.66292e+04
    Temperature Pres. DC (bar) Pressure (bar)   Constr. rmsd
    3.23215e+02   -2.27444e+02   -4.52735e+02    3.12833e-06

           Step           Time
          44500       89.00000

   Energies (kJ/mol)
           Bond          Angle    Proper Dih. Ryckaert-Bell.          LJ-14
    5.57626e+01    1.62515e+02    1.31069e+01    7.77208e+01    1.02771e+02
     Coulomb-14        LJ (SR)  Disper. corr.   Coulomb (SR)   Coul. recip.
    7.58000e+02    2.63819e+03   -1.81255e+02   -2.39604e+04    1.27977e+02
 Position Rest.      Potential    Kinetic En.   Total Energy  Conserved En.
    2.61323e+01   -2.01795e+04    3.69685e+03   -1.64826e+04   -1.66251e+04
    Temperature Pres. DC (bar) Pressure (bar)   Constr. rmsd
    3.12240e+02   -2.12816e+02   -9.66639e+02    1.77313e-06

           Step           Time
          45000       90.00000

   Energies (kJ/mol)
           Bond          Angle    Proper Dih. Ryckaert-Bell.          LJ-14
    6.85103e+01    1.71586e+02    6.05655e+00    6.50109e+01    1.17148e+02
     Coulomb-14        LJ (SR)  Disper. corr.   Coulomb (SR)   Coul. recip.
    7.82125e+02    2.76960e+03   -1.84478e+02   -2.40408e+04    1.47852e+02
 Position Rest.      Potential    Kinetic En.   Total Energy  Conserved En.
    2.52168e+01   -2.00722e+04    3.52656e+03   -1.65457e+04   -1.66262e+04
    Temperature Pres. DC (bar) Pressure (bar)   Constr. rmsd
    2.97857e+02   -2.20442e+02    3.06617e+02    1.98749e-06

           Step           Time
          45500       91.00000

   Energies (kJ/mol)
           Bond          Angle    Proper Dih. Ryckaert-Bell.          LJ-14
    7.84370e+01    1.88750e+02    1.21856e+01    5.66629e+01    1.12199e+02
     Coulomb-14        LJ (SR)  Disper. corr.   Coulomb (SR)   Coul. recip.
    7.72742e+02    2.72165e+03   -1.83114e+02   -2.41815e+04    1.30246e+02
 Position Rest.      Potential    Kinetic En.   Total Energy  Conserved En.
    5.99149e+01   -2.02318e+04    3.43076e+03   -1.68010e+04   -1.66288e+04
    Temperature Pres. DC (bar) Pressure (bar)   Constr. rmsd
    2.89766e+02   -2.17198e+02   -6.69857e+02    1.36720e-06

           Step           Time
          46000       92.00000

   Energies (kJ/mol)
           Bond          Angle    Proper Dih. Ryckaert-Bell.          LJ-14
    8.55193e+01    1.80152e+02    1.74636e+01    5.17282e+01    1.25625e+02
     Coulomb-14        LJ (SR)  Disper. corr.   Coulomb (SR)   Coul. recip.
    7.88851e+02    2.63673e+03   -1.79931e+02   -2.38154e+04    1.39352e+02
 Position Rest.      Potential    Kinetic En.   Total Energy  Conserved En.
    3.76535e+01   -1.99323e+04    3.71535e+03   -1.62169e+04   -1.66333e+04
    Temperature Pres. DC (bar) Pressure (bar)   Constr. rmsd
    3.13802e+02   -2.09722e+02    4.65747e+02    1.88335e-06

           Step           Time
          46500       93.00000

   Energies (kJ/mol)
           Bond          Angle    Proper Dih. Ryckaert-Bell.          LJ-14
    7.79993e+01    1.81515e+02    1.06146e+01    5.50804e+01    1.15473e+02
     Coulomb-14        LJ (SR)  Disper. corr.   Coulomb (SR)   Coul. recip.
    7.77012e+02    2.75548e+03   -1.84380e+02   -2.38928e+04    1.64301e+02
 Position Rest.      Potential    Kinetic En.   Total Energy  Conserved En.
    3.80509e+01   -1.99016e+04    3.52101e+03   -1.63806e+04   -1.66297e+04
    Temperature Pres. DC (bar) Pressure (bar)   Constr. rmsd
    2.97388e+02   -2.20208e+02    3.20099e+02    1.98559e-06

           Step           Time
          47000       94.00000

   Energies (kJ/mol)
           Bond          Angle    Proper Dih. Ryckaert-Bell.          LJ-14
    6.69256e+01    1.83818e+02    1.17178e+01    4.91014e+01    1.12202e+02
     Coulomb-14        LJ (SR)  Disper. corr.   Coulomb (SR)   Coul. recip.
    7.86418e+02    2.68383e+03   -1.81229e+02   -2.38710e+04    1.41588e+02
 Position Rest.      Potential    Kinetic En.   Total Energy  Conserved En.
    3.60308e+01   -1.99806e+04    3.51614e+03   -1.64644e+04   -1.66302e+04
    Temperature Pres. DC (bar) Pressure (bar)   Constr. rmsd
    2.96977e+02   -2.12755e+02    4.23969e+01    1.02501e-06

           Step           Time
          47500       95.00000

   Energies (kJ/mol)
           Bond          Angle    Proper Dih. Ryckaert-Bell.          LJ-14
    9.79433e+01    2.21645e+02    9.99441e+00    5.76092e+01    1.05984e+02
     Coulomb-14        LJ (SR)  Disper. corr.   Coulomb (SR)   Coul. recip.
    7.64918e+02    2.75961e+03   -1.86846e+02   -2.37893e+04    1.25138e+02
 Position Rest.      Potential    Kinetic En.   Total Energy  Conserved En.
    3.79391e+01   -1.97954e+04    3.72516e+03   -1.60702e+04   -1.66367e+04
    Temperature Pres. DC (bar) Pressure (bar)   Constr. rmsd
    3.14631e+02   -2.26129e+02    6.03615e+02    3.75945e-06

           Step           Time
          48000       96.00000

   Energies (kJ/mol)
           Bond          Angle    Proper Dih. Ryckaert-Bell.          LJ-14
    7.19989e+01    1.86189e+02    8.36704e+00    6.46752e+01    1.05996e+02
     Coulomb-14        LJ (SR)  Disper. corr.   Coulomb (SR)   Coul. recip.
    7.74977e+02    2.72464e+03   -1.82681e+02   -2.38108e+04    1.42513e+02
 Position Rest.      Potential    Kinetic En.   Total Energy  Conserved En.
    3.17011e+01   -1.98825e+04    3.33098e+03   -1.65515e+04   -1.66335e+04
    Temperature Pres. DC (bar) Pressure (bar)   Constr. rmsd
    2.81338e+02   -2.16174e+02    1.10275e+02    1.73596e-06

           Step           Time
          48500       97.00000

   Energies (kJ/mol)
           Bond          Angle    Proper Dih. Ryckaert-Bell.          LJ-14
    8.26152e+01    2.05215e+02    1.12763e+01    8.29865e+01    1.09316e+02
     Coulomb-14        LJ (SR)  Disper. corr.   Coulomb (SR)   Coul. recip.
    7.67177e+02    2.47009e+03   -1.86102e+02   -2.36602e+04    1.13032e+02
 Position Rest.      Potential    Kinetic En.   Total Energy  Conserved En.
    2.95934e+01   -1.99750e+04    3.43295e+03   -1.65420e+04   -1.66349e+04
    Temperature Pres. DC (bar) Pressure (bar)   Constr. rmsd
    2.89950e+02   -2.24335e+02   -4.64004e+02    1.43788e-06

           Step           Time
          49000       98.00000

   Energies (kJ/mol)
           Bond          Angle    Proper Dih. Ryckaert-Bell.          LJ-14
    7.28166e+01    1.47005e+02    1.08705e+01    6.04611e+01    9.20013e+01
     Coulomb-14        LJ (SR)  Disper. corr.   Coulomb (SR)   Coul. recip.
    7.76523e+02    2.58075e+03   -1.86855e+02   -2.38287e+04    1.30537e+02
 Position Rest.      Potential    Kinetic En.   Total Energy  Conserved En.
    2.86929e+01   -2.01159e+04    3.42815e+03   -1.66877e+04   -1.66416e+04
    Temperature Pres. DC (bar) Pressure (bar)   Constr. rmsd
    2.89544e+02   -2.26152e+02   -1.08624e+03    3.05944e-06

           Step           Time
          49500       99.00000

   Energies (kJ/mol)
           Bond          Angle    Proper Dih. Ryckaert-Bell.          LJ-14
    6.89819e+01    1.50857e+02    1.02575e+01    5.08538e+01    1.08424e+02
     Coulomb-14        LJ (SR)  Disper. corr.   Coulomb (SR)   Coul. recip.
    7.69689e+02    2.66385e+03   -1.87417e+02   -2.39674e+04    1.37941e+02
 Position Rest.      Potential    Kinetic En.   Total Energy  Conserved En.
    4.50105e+01   -2.01490e+04    3.61123e+03   -1.65377e+04   -1.66459e+04
    Temperature Pres. DC (bar) Pressure (bar)   Constr. rmsd
    3.05008e+02   -2.27513e+02   -1.08437e+01    3.86606e-06

           Step           Time
          50000      100.00000

Writing checkpoint, step 50000 at Sun Apr 11 14:53:42 2021


   Energies (kJ/mol)
           Bond          Angle    Proper Dih. Ryckaert-Bell.          LJ-14
    7.66736e+01    1.53347e+02    1.12872e+01    5.43060e+01    1.04378e+02
     Coulomb-14        LJ (SR)  Disper. corr.   Coulomb (SR)   Coul. recip.
    7.86834e+02    2.71135e+03   -1.80962e+02   -2.41856e+04    1.30223e+02
 Position Rest.      Potential    Kinetic En.   Total Energy  Conserved En.
    3.97505e+01   -2.02984e+04    3.51328e+03   -1.67852e+04   -1.66531e+04
    Temperature Pres. DC (bar) Pressure (bar)   Constr. rmsd
    2.96735e+02   -2.12128e+02   -5.02898e+02    2.73748e-06


	<======  ###############  ==>
	<====  A V E R A G E S  ====>
	<==  ###############  ======>

	Statistics over 50001 steps using 501 frames

   Energies (kJ/mol)
           Bond          Angle    Proper Dih. Ryckaert-Bell.          LJ-14
    7.47653e+01    1.88556e+02    1.36556e+01    6.51267e+01    1.09803e+02
     Coulomb-14        LJ (SR)  Disper. corr.   Coulomb (SR)   Coul. recip.
    7.71706e+02    2.62171e+03   -1.84452e+02   -2.37973e+04    1.38866e+02
 Position Rest.      Potential    Kinetic En.   Total Energy  Conserved En.
    3.76904e+01   -1.99599e+04    3.54534e+03   -1.64145e+04   -1.65407e+04
    Temperature Pres. DC (bar) Pressure (bar)   Constr. rmsd
    2.99442e+02   -2.20420e+02    8.82447e+00    0.00000e+00

          Box-X          Box-Y          Box-Z
    2.40534e+00    2.40534e+00    2.40534e+00

   Total Virial (kJ/mol)
    1.18168e+03   -5.68162e+00    2.45328e+01
   -5.69832e+00    1.19594e+03   -1.45025e+01
    2.45276e+01   -1.44919e+01    1.16081e+03

   Pressure (bar)
    7.51041e+00    5.84966e+00   -6.28214e+01
    5.88957e+00   -2.12241e+01    4.73422e+01
   -6.28087e+01    4.73169e+01    4.01871e+01

      T-Protein  T-non-Protein
    3.00396e+02    2.99355e+02


	M E G A - F L O P S   A C C O U N T I N G

 NB=Group-cutoff nonbonded kernels    NxN=N-by-N cluster Verlet kernels
 RF=Reaction-Field  VdW=Van der Waals  QSTab=quadratic-spline table
 W3=SPC/TIP3p  W4=TIP4p (single or pairs)
 V&F=Potential and force  V=Potential only  F=Force only

 Computing:                               M-Number         M-Flops  % Flops
-----------------------------------------------------------------------------
 Pair Search distance check             572.712432        5154.412     0.2
 NxN Ewald Elec. + LJ [F]             22126.486000     1460348.076    52.5
 NxN Ewald Elec. + LJ [V&F]             223.983216       23966.204     0.9
 NxN Ewald Elec. [F]                  19279.515952     1176050.473    42.3
 NxN Ewald Elec. [V&F]                  195.171824       16394.433     0.6
 1,4 nonbonded interactions              11.350227        1021.520     0.0
 Calc Weights                           209.854197        7554.751     0.3
 Spread Q Bspline                      4476.889536        8953.779     0.3
 Gather F Bspline                      4476.889536       26861.337     1.0
 3D-FFT                                4915.298304       39322.386     1.4
 Solve PME                               12.800256         819.216     0.0
 Shift-X                                  1.400399           8.402     0.0
 Bonds                                    2.650053         156.353     0.0
 Angles                                   8.200164        1377.628     0.0
 Propers                                  1.200024         274.805     0.0
 RB-Dihedrals                             8.850177        2185.994     0.1
 Pos. Restr.                              2.600052         130.003     0.0
 Virial                                   7.221444         129.986     0.0
 Stop-CM                                  0.700899           7.009     0.0
 Calc-Ekin                               13.992798         377.806     0.0
 Lincs                                    2.050041         123.002     0.0
 Lincs-Mat                                9.000180          36.001     0.0
 Constraint-V                            69.351387         554.811     0.0
 Constraint-Vir                           6.731346         161.552     0.0
 Settle                                  21.750435        7025.391     0.3
-----------------------------------------------------------------------------
 Total                                                 2778995.331   100.0
-----------------------------------------------------------------------------


     R E A L   C Y C L E   A N D   T I M E   A C C O U N T I N G

On 1 MPI rank, each using 12 OpenMP threads

 Computing:          Num   Num      Call    Wall time         Giga-Cycles
                     Ranks Threads  Count      (s)         total sum    %
-----------------------------------------------------------------------------
 Neighbor search        1   12       1001       0.429         18.542   2.1
 Force                  1   12      50001       8.803        380.270  44.0
 PME mesh               1   12      50001       5.406        233.518  27.0
 NB X/F buffer ops.     1   12      99001       2.393        103.382  12.0
 Write traj.            1   12        101       0.057          2.447   0.3
 Update                 1   12      50001       0.760         32.845   3.8
 Constraints            1   12      50001       0.964         41.641   4.8
 Rest                                           1.176         50.812   5.9
-----------------------------------------------------------------------------
 Total                                         19.988        863.457 100.0
-----------------------------------------------------------------------------
 Breakdown of PME mesh computation
-----------------------------------------------------------------------------
 PME spread             1   12      50001       2.282         98.595  11.4
 PME gather             1   12      50001       1.727         74.623   8.6
 PME 3D-FFT             1   12     100002       1.065         46.024   5.3
 PME solve Elec         1   12      50001       0.066          2.860   0.3
-----------------------------------------------------------------------------

               Core t (s)   Wall t (s)        (%)
       Time:      239.846       19.988     1200.0
                 (ns/day)    (hour/ns)
Performance:      432.274        0.056
Finished mdrun on rank 0 Sun Apr 11 14:53:42 2021

